2022-08-15 13:44:48.104 [ INFO] 10229 mem_pool_manager.cpp:40 MemPoolManager [AsyncJob_memory_pool] 0x2090f480 created pool=0xffffb571c020, unit_size=4096, unit_count=90, allocator=DefaultMemAllocator
2022-08-15 13:44:48.106 [ INFO] 10229 async_log.cpp:71 LIDAR Log Async Thread work : True
2022-08-15 13:44:48.106 [ INFO] 10230 consumer_producer.cpp:194 thread AsyncLogThread_Manager starts. pid=10230 target_priority=0
2022-08-15 13:44:48.107 [ INFO] 10229 api_common.cpp:70 LIDAR SDK version is 2.3.0.20220721102449
2022-08-15 13:44:48.107 [ INFO] 10229 api_common.cpp:73 LIDAR SDK build tag is release-2.7.0-rc297h-arm
2022-08-15 13:44:48.107 [ INFO] 10229 api_common.cpp:76 LIDAR SDK build time is 10:25:26 Jul 21 2022
2022-08-15 13:44:48.107 [ INFO] 10229 api_common.cpp:86 log level change from 6 to 6
2022-08-15 13:44:48.110 [ INFO] 10229 pcs.cpp:77 #############################
2022-08-15 13:44:48.110 [ INFO] 10229 pcs.cpp:78 ###### PCS START ############
2022-08-15 13:44:48.110 [ INFO] 10229 pcs.cpp:79 #############################
2022-08-15 13:44:48.110 [ INFO] 10229 pcs.cpp:80 command line: ./inno_pc_server --file /apollo/data/sn361822100450_11_06_2021_04_29_29_F52_15_400.inno_raw --rewind -1 --tcp-port 10001
2022-08-15 13:44:48.110 [ INFO] 10229 pcs.cpp:85 Stack Limit = 8388608 and 18446744073709551615 max
2022-08-15 13:44:48.110 [ INFO] 10229 log.cpp:655 setup_sig_handler ready
2022-08-15 13:44:48.110 [ INFO] 10229 pcs.cpp:359 request to create udp_sender to 0.0.0.0:8010
2022-08-15 13:44:48.110 [ INFO] 10229 pcs.cpp:359 request to create udp_sender to 0.0.0.0:8010
2022-08-15 13:44:48.110 [ INFO] 10229 pcs.cpp:359 request to create udp_sender to 0.0.0.0:8010
2022-08-15 13:44:48.110 [ INFO] 10229 pcs.cpp:359 request to create udp_sender to 0.0.0.0:0
2022-08-15 13:44:48.110 [ INFO] 10229 pcs.cpp:359 request to create udp_sender to 127.0.0.1:0
2022-08-15 13:44:48.114 [ INFO] 10229 utils.cpp:363 open /apollo/data/sn361822100450_11_06_2021_04_29_29_F52_15_400.inno_raw
2022-08-15 13:44:48.125 [ INFO] 10229 fault_manager.cpp:785 enable raw save for fault: [3, 13, 15, 17, 18, 29, 30, 31, 32, 44, 45, 46, 49, 50, 51, 52, 55, 57, 58, 59, ]
2022-08-15 13:44:48.125 [ INFO] 10229 fault_manager.cpp:453 Fault manager create completed
2022-08-15 13:44:48.125 [ INFO] 10229 ../sdk_common/lidar_base.h:298 Setting play rate to 10000
2022-08-15 13:44:48.125 [ INFO] 10229 ../sdk_common/lidar_base.h:303 Setting play rate to 1.000000X
2022-08-15 13:44:48.126 [ INFO] 10229 utils.cpp:363 open /apollo/data/sn361822100450_11_06_2021_04_29_29_F52_15_400.inno_raw
2022-08-15 13:44:48.129 [ INFO] 10229 lidar.cpp:94 load yaml from data file
2022-08-15 13:44:48.130 [ INFO] 10229 lidar.cpp:108 pcsf open file /apollo/data/sn361822100450_11_06_2021_04_29_29_F52_15_400.inno_raw, rate=0MB/s 1.000000X
2022-08-15 13:44:48.130 [ INFO] 10229 api_common.cpp:419 add lidar 1 (total=1 total_active=1)
2022-08-15 13:44:48.130 [ INFO] 10229 lidar.cpp:1151 pcsf set_params_file model=  config=(null)
2022-08-15 13:44:48.130 [ INFO] 10229 server_ws.cpp:307 Server listen on port 10001
2022-08-15 13:44:48.130 [ INFO] 10229 pcs.cpp:1601 ws server started on port 10001
2022-08-15 13:44:48.130 [ INFO] 10229 pcs.cpp:1608 begins to listen to FW fault
2022-08-15 13:44:48.130 [ INFO] 10229 pcs.cpp:1645 get_mode reach mode=3 pre_mode=3 status=2
2022-08-15 13:44:48.130 [ INFO] 10229 lidar.cpp:1689 pcsf start
2022-08-15 13:44:48.130 [ INFO] 10229 lidar.cpp:1690 pcsf LIDAR SDK version is 2.3.0.20220721102449
2022-08-15 13:44:48.130 [ INFO] 10229 lidar.cpp:1691 pcsf LIDAR SDK build tag is release-2.7.0-rc297h-arm
2022-08-15 13:44:48.130 [ INFO] 10229 lidar.cpp:1692 pcsf LIDAR SDK build time is 10:25:26 Jul 21 2022
2022-08-15 13:44:48.130 [ INFO] 10229 mem_allocator.cpp:312 DefaultMemAllocator calloc start
2022-08-15 13:44:48.130 [ INFO] 10232 inno_thread.cpp:71 thread fw_log_listener starts. pid=10232 target_priority=0
2022-08-15 13:44:48.130 [ INFO] 10232 udp_listener.cpp:67 Start receiving udp packet from port: 7999
2022-08-15 13:44:48.130 [ INFO] 10229 mem_pool_manager.cpp:40 MemPoolManager [SignalJobPool] 0x20932520 created pool=0xffffa34bf020, unit_size=131296, unit_count=600, allocator=DefaultMemAllocator
2022-08-15 13:44:48.130 [ INFO] 10229 mem_allocator.cpp:312 DefaultMemAllocator calloc start
2022-08-15 13:44:48.130 [ INFO] 10229 mem_pool_manager.cpp:40 MemPoolManager [AngleJobPool] 0x20933180 created pool=0xffff710d1040, unit_size=4657344, unit_count=180, allocator=DefaultMemAllocator
2022-08-15 13:44:48.130 [ INFO] 10229 ../sdk/stage_angle_job.h:40 sizeof(StageAngleJob)=48768 0xbe80 sizeof(RawBlock)=192 0xc0 sizeof(RawChannelPoint)=16 0x10
2022-08-15 13:44:48.130 [ INFO] 10229 mem_allocator.cpp:312 DefaultMemAllocator calloc start
2022-08-15 13:44:48.130 [ INFO] 10229 mem_pool_manager.cpp:40 MemPoolManager [DeliverPointsJobPool] 0x20933640 created pool=0xffff6c5e9020, unit_size=78464, unit_count=1000, allocator=DefaultMemAllocator
2022-08-15 13:44:48.130 [ INFO] 10229 mem_allocator.cpp:312 DefaultMemAllocator calloc start
2022-08-15 13:44:48.130 [ INFO] 10229 mem_pool_manager.cpp:40 MemPoolManager [DeliverMessageJobPool] 0x20934b00 created pool=0xffffaec0e020, unit_size=65632, unit_count=50, allocator=DefaultMemAllocator
2022-08-15 13:44:48.130 [ INFO] 10229 mem_allocator.cpp:312 DefaultMemAllocator calloc start
2022-08-15 13:44:48.130 [ INFO] 10229 mem_pool_manager.cpp:40 MemPoolManager [DeliverStatusJobPool] 0x20936690 created pool=0x20934c40, unit_size=608, unit_count=10, allocator=DefaultMemAllocator
2022-08-15 13:44:48.130 [ INFO] 10229 mem_allocator.cpp:312 DefaultMemAllocator calloc start
2022-08-15 13:44:48.130 [ INFO] 10229 mem_pool_manager.cpp:40 MemPoolManager [Deliver2JobPool] 0x209367d0 created pool=0xffffaebbd020, unit_size=8032, unit_count=40, allocator=DefaultMemAllocator
2022-08-15 13:44:48.130 [ INFO] 10229 stage_signal.cpp:745 non-live lidar, enable window blockage check
2022-08-15 13:44:48.130 [ INFO] 10229 stage_signal.cpp:2154 file play mode, chA ref sample rate: 1/1
2022-08-15 13:44:48.130 [ INFO] 10229 stage_signal.cpp:931 INNO_LIDAR_IN_FAULT_NETWORK1 stat initialize
2022-08-15 13:44:48.130 [ INFO] 10229 stage_angle.cpp:184 no scatter cali file, set GALVO_TRACKING_CALI_PHASE_1
2022-08-15 13:44:48.130 [ INFO] 10233 stage_signal.cpp:1320 thread start: to report INNO_LIDAR_IN_FAULT_NETWORK1
2022-08-15 13:44:48.133 [ INFO] 10235 inno_thread.cpp:71 thread status starts. pid=10235 target_priority=41
2022-08-15 13:44:48.133 [ WARN] 10235 utils.cpp:75 strerror: 'Operation not permitted' setschedparam(41)
2022-08-15 13:44:48.133 [ INFO] 10235 status_report.cpp:92 Will send status message every 50 ms.
2022-08-15 13:44:48.133 [ INFO] 10236 consumer_producer.cpp:194 thread deliver2 starts. pid=10236 target_priority=2
2022-08-15 13:44:48.133 [ WARN] 10236 utils.cpp:75 strerror: 'Operation not permitted' setschedparam(2)
2022-08-15 13:44:48.133 [ INFO] 10238 consumer_producer.cpp:194 thread help starts. pid=10238 target_priority=0
2022-08-15 13:44:48.133 [ INFO] 10239 consumer_producer.cpp:194 thread noise_filter_phase1 starts. pid=10239 target_priority=1
2022-08-15 13:44:48.133 [ WARN] 10239 utils.cpp:75 strerror: 'Operation not permitted' setschedparam(1)
2022-08-15 13:44:48.133 [ INFO] 10241 consumer_producer.cpp:194 thread angle starts. pid=10241 target_priority=30
2022-08-15 13:44:48.133 [ INFO] 10240 consumer_producer.cpp:194 thread noise_filter_phase0 starts. pid=10240 target_priority=1
2022-08-15 13:44:48.133 [ INFO] 10242 consumer_producer.cpp:194 thread signal starts. pid=10242 target_priority=35
2022-08-15 13:44:48.133 [ WARN] 10240 utils.cpp:75 strerror: 'Operation not permitted' setschedparam(1)
2022-08-15 13:44:48.133 [ INFO] 10229 lidar.cpp:1819 pcsf started
2022-08-15 13:44:48.133 [ WARN] 10242 utils.cpp:75 strerror: 'Operation not permitted' setschedparam(35)
2022-08-15 13:44:48.133 [ INFO] 10229 ../sdk_common/lidar_base.h:253 message_callback: name=pcsf level=6, code=9, message=pcsf started
2022-08-15 13:44:48.133 [ WARN] 10241 utils.cpp:75 strerror: 'Operation not permitted' setschedparam(30)
2022-08-15 13:44:48.133 [ INFO] 10229 :9 pcsf started
2022-08-15 13:44:48.133 [ INFO] 10229 pcs.cpp:1674 lidar started
2022-08-15 13:44:48.133 [ INFO] 10243 consumer_producer.cpp:194 thread read starts. pid=10243 target_priority=40
2022-08-15 13:44:48.133 [ WARN] 10243 utils.cpp:75 strerror: 'Operation not permitted' setschedparam(40)
2022-08-15 13:44:48.133 [ INFO] 10243 stage_read.cpp:672 read_file_first_time_
2022-08-15 13:44:48.134 [ INFO] 10237 consumer_producer.cpp:194 thread deliver starts. pid=10237 target_priority=2
2022-08-15 13:44:48.134 [ WARN] 10237 utils.cpp:75 strerror: 'Operation not permitted' setschedparam(2)
2022-08-15 13:44:48.134 [ INFO] 10243 utils.cpp:363 open /apollo/data/sn361822100450_11_06_2021_04_29_29_F52_15_400.inno_raw
2022-08-15 13:44:48.134 [ INFO] 10243 lidar.cpp:2100 before_read_start
2022-08-15 13:44:48.134 [ INFO] 10243 lidar.cpp:1039 use yaml from data file
2022-08-15 13:44:48.146 [ INFO] 10243 params.cpp:246 Use YAML file init=1
2022-08-15 13:44:48.146 [ INFO] 10243 params.cpp:247 YAML file content:
alpha: 
  - 0
  - 0
aperture_offset: 80
aperture_offset_2: 0
aperture_offset_3: 80
aperture_table: 
  - 0
  - 0
  - 0
  - 0
  - 0
b_distance_correction: 0
b_e_dec: 0
b_e_dec_1: 0
b_e_phase: 0
b_ifactor: 
  - 1
  - 1
  - 1
  - 1
  - 1
  - 1
b_offset: 0
b_refl_factor: 1
b_shift: 
  - 0
  - 0
  - 0
  - 0
  - 0
  - 0
b_shift_1: 
  - 0
  - 0
  - 0
  - 0
  - 0
  - 0
b_temp_vbr0: 0
b_tilt: 
  - 0
  - 0
  - 0
  - 0
  - 0
  - 0
b_vbr0: 0
channel_0_delay_correction: 
  - 0
  - 0
  - 0
  - 0
  - 0
channel_0_le_polynomial: 
  - 0
  - 0
  - 0
  - 0
  - 0
  - 0
  - 0
  - 0
  - 0
  - 0
channel_0_wc_polynomial: 
  - 0
  - 0
  - 0
  - 0
  - 0
  - 0
  - 0
  - 0
  - 0
  - 0
channel_1_delay_correction: 
  - 0
  - 0
  - 0
  - 0
  - 0
channel_1_le_polynomial: 
  - 0
  - 0
  - 0
  - 0
  - 0
  - 0
  - 0
  - 0
  - 0
  - 0
channel_1_wc_polynomial: 
  - 0
  - 0
  - 0
  - 0
  - 0
  - 0
  - 0
  - 0
  - 0
  - 0
channel_2_delay_correction: 
  - 0
  - 0
  - 0
  - 0
  - 0
channel_2_le_polynomial: 
  - 0
  - 0
  - 0
  - 0
  - 0
  - 0
  - 0
  - 0
  - 0
  - 0
channel_2_wc_polynomial: 
  - 0
  - 0
  - 0
  - 0
  - 0
  - 0
  - 0
  - 0
  - 0
  - 0
channel_3_delay_correction: 
  - 0
  - 0
  - 0
  - 0
  - 0
channel_3_le_polynomial: 
  - 0
  - 0
  - 0
  - 0
  - 0
  - 0
  - 0
  - 0
  - 0
  - 0
channel_3_wc_polynomial: 
  - 0
  - 0
  - 0
  - 0
  - 0
  - 0
  - 0
  - 0
  - 0
  - 0
ctr: 
  - 10000
  - 31622.8
  - 100000
device_model: 0
device_sn: 1044847586
dist_corr_max_intensity: 0
dist_corr_transition_high: 0
dist_corr_transition_intensity: 0
dist_corr_transition_low: 0
distance_correction: 
  - 590.558
  - 591.019
  - 593.469
  - 590.4
distance_correction_2: 
  - 590.558
  - 591.019
  - 593.469
  - 590.4
f_alpha: 
  - -0.004795
  - 0.000591
  - -0.004001
  - 0.008204
f_gamma: 
  - -1.78492
  - -0.59852
  - 0.593742
  - 1.78969
f_int_vbr0: 
  - 0
  - 0
  - 0
  - 0
f_temp_vbr0: 
  - 36
  - 36
  - 35
  - 35
f_vbr0: 
  - 46111
  - 48741
  - 48444
  - 48553
fov_bottom_half_p_angle: 34.5
fov_top_half_p_angle: 34
g_center_angle: 64
g_scan_range: 20
g_tilt: 0.178686
g_tilt2: 0
galvo_gain_factor: 0
galvo_offset_factor: 0
gamma: 
  - 0
  - 0
h_adjustment: 0
h_laser: 
  - 0
  - 0
  - 0
  - 0
ho_adjustment: 
  - 0.000365
  - -0.000345
  - 0.001572
  - -0.001591
ignore_window_correction: 0
intensity_to_power_table: 
  - 0
  - 0
  - 0
  - 0
  - 0
intensity_to_power_table_2: 
  - 0
  - 0
  - 0
  - 0
  - 0
k_dis: 0
k_dis_2: 15000
k_int: 0
k_ref: 0
k_ref_2: 2
mcti: 3500
middle_angle: 0
min_bias: 28000
n_b: 4
n_p: 5
nominal_intensity: 
  - 0
  - 0
  - 0
  - 0
nominal_voltage: 0
p_axis_azimuth: 0
p_axis_polar: 0
p_axis_tilt: 0
p_off_center: 0
p_offset: 3.82
p_shift: 
  - -0.013271
  - -0.042452
  - 0.018888
  - 0.029422
  - 0.007413
  - 0
  - 0
p_tilt: 
  - 0.025659
  - 0.048449
  - 0.026919
  - -0.050731
  - -0.050297
  - 0
  - 0
power_to_intensity_table: 
  - 0
  - 0
  - 0
  - 0
  - 0
power_vs_distance_table: 
  - 0
  - 0
  - 0
  - 0
  - 0
reference_time: 
  - 0
  - 0
  - 0
  - 0
refl_factor: 
  - 0.512
  - 0.525
  - 0.509
  - 0.41
retro_intensity: 12000
retro_intensity_2: 12000
roi_h_max: 0
roi_h_min: 0
roi_v_max: 0
roi_v_min: 0
shift_angle: 0
shift_n_y: 0
shift_n_z: 1
t_distance_correction: 0
t_ifactor: 
  - 1
  - 1
  - 1
  - 1
  - 1
  - 1
t_refl_factor: 1
t_temp_vbr0: 0
t_vbr0: 0
temp_vbr0: 0
tilt_angle: 0
tilt_n_x: 0
tilt_n_z: 1
v_adjustment: 
  - -0.002405
  - -0.00048
  - 8.8e-05
  - 0.002795
v_offset: 600
w_amplitude: 0
w_axis_angle: 0
w_phase: 0
window_correction_table: 
  - 0
  - 0
  - 0
  - 0
  - 0
window_transmittance: 
  - 0
  - 0
  - 0
  - 0
  - 0
2022-08-15 13:44:48.146 [ INFO] 10243 lidar.cpp:1072 pcsf load valid params from lidar
2022-08-15 13:44:48.146 [ INFO] 10243 lidar.cpp:2184 no lidar_model in yaml file, force MODEL_I
2022-08-15 13:44:48.150 [ INFO] 10243 ../sdk/lidar_clock_config.h:50 lost_check_after_machine_up_ms=300000 lost_check_after_progress_up_ms=5000
2022-08-15 13:44:48.150 [ INFO] 10243 lidar_clock.cpp:196 sync config switch --- from 5-MAX to 3-FILE
2022-08-15 13:44:48.150 [ INFO] 10243 stage_read.cpp:682 pcsf open /apollo/data/sn361822100450_11_06_2021_04_29_29_F52_15_400.inno_raw
2022-08-15 13:44:48.150 [ INFO] 10242 stage_signal.cpp:1964 ref intensity threshold: 50/4000
2022-08-15 13:44:48.150 [ INFO] 10242 stage_signal.cpp:535 loaded reference intensity: 0/0/0/0
2022-08-15 13:44:48.150 [ INFO] 10242 stage_signal_reference.cpp:168 ref channel: 0, roi_type: 1, unlock->locked 1 (1/0) half_w=(256/256) center=691, bound limited: 0/0
2022-08-15 13:44:48.150 [ INFO] 10242 stage_signal_reference.cpp:185 ref channel: 0, roi_type: 1, shrink half_w=(512/512)->(256/256) percentage: 16.02 center=691
2022-08-15 13:44:48.150 [ INFO] 10242 stage_signal_reference.cpp:200 ref channel: 0, roi_type: 1, locked (1/0) half_w=(256/256) center=691, bound limited: 0/0
2022-08-15 13:44:48.151 [ INFO] 10242 stage_signal_reference.cpp:185 ref channel: 0, roi_type: 1, shrink half_w=(256/256)->(128/128) percentage: 16.02 center=690
2022-08-15 13:44:48.155 [ INFO] 10242 stage_signal_reference.cpp:185 ref channel: 0, roi_type: 1, shrink half_w=(128/128)->(64/64) percentage: 16.02 center=690
2022-08-15 13:44:48.156 [ INFO] 10242 stage_signal_reference.cpp:185 ref channel: 0, roi_type: 1, shrink half_w=(64/64)->(32/32) percentage: 16.02 center=690
2022-08-15 13:44:48.178 [ INFO] 10242 stage_signal_reference.cpp:168 ref channel: 0, roi_type: 0, unlock->locked 1 (1/0) half_w=(256/256) center=691, bound limited: 0/0
2022-08-15 13:44:48.178 [ INFO] 10242 stage_signal_reference.cpp:185 ref channel: 0, roi_type: 0, shrink half_w=(512/512)->(256/256) percentage: 16.02 center=691
2022-08-15 13:44:48.178 [ INFO] 10242 stage_signal_reference.cpp:200 ref channel: 0, roi_type: 0, locked (1/0) half_w=(256/256) center=691, bound limited: 0/0
2022-08-15 13:44:48.183 [ INFO] 10242 stage_signal_reference.cpp:185 ref channel: 0, roi_type: 0, shrink half_w=(256/256)->(128/128) percentage: 16.02 center=692
2022-08-15 13:44:48.189 [ INFO] 10242 stage_signal_reference.cpp:185 ref channel: 0, roi_type: 0, shrink half_w=(128/128)->(64/64) percentage: 16.02 center=692
2022-08-15 13:44:48.195 [ INFO] 10242 stage_signal_reference.cpp:185 ref channel: 0, roi_type: 0, shrink half_w=(64/64)->(32/32) percentage: 16.02 center=694
2022-08-15 13:44:48.215 [ INFO] 10242 stage_signal_reference.cpp:168 ref channel: 2, roi_type: 1, unlock->locked 1 (1/0) half_w=(256/256) center=658, bound limited: 0/0
2022-08-15 13:44:48.215 [ INFO] 10242 stage_signal_reference.cpp:185 ref channel: 2, roi_type: 1, shrink half_w=(512/512)->(256/256) percentage: 1.00 center=658
2022-08-15 13:44:48.215 [ INFO] 10242 stage_signal_reference.cpp:200 ref channel: 2, roi_type: 1, locked (1/0) half_w=(256/256) center=658, bound limited: 0/0
2022-08-15 13:44:48.215 [ INFO] 10242 stage_signal_reference.cpp:168 ref channel: 1, roi_type: 1, unlock->locked 1 (1/0) half_w=(256/256) center=679, bound limited: 0/0
2022-08-15 13:44:48.215 [ INFO] 10242 stage_signal_reference.cpp:185 ref channel: 1, roi_type: 1, shrink half_w=(512/512)->(256/256) percentage: 1.00 center=679
2022-08-15 13:44:48.215 [ INFO] 10242 stage_signal_reference.cpp:200 ref channel: 1, roi_type: 1, locked (1/0) half_w=(256/256) center=679, bound limited: 0/0
2022-08-15 13:44:48.215 [ INFO] 10242 stage_signal_reference.cpp:168 ref channel: 3, roi_type: 1, unlock->locked 1 (1/0) half_w=(256/256) center=668, bound limited: 0/0
2022-08-15 13:44:48.215 [ INFO] 10242 stage_signal_reference.cpp:185 ref channel: 3, roi_type: 1, shrink half_w=(512/512)->(256/256) percentage: 1.00 center=668
2022-08-15 13:44:48.215 [ INFO] 10242 stage_signal_reference.cpp:200 ref channel: 3, roi_type: 1, locked (1/0) half_w=(256/256) center=668, bound limited: 0/0
2022-08-15 13:44:48.256 [ INFO] 10242 stage_signal_reference.cpp:185 ref channel: 1, roi_type: 1, shrink half_w=(256/256)->(128/128) percentage: 1.00 center=679
2022-08-15 13:44:48.256 [ INFO] 10242 stage_signal_reference.cpp:185 ref channel: 2, roi_type: 1, shrink half_w=(256/256)->(128/128) percentage: 1.00 center=658
2022-08-15 13:44:48.256 [ INFO] 10242 stage_signal_reference.cpp:185 ref channel: 3, roi_type: 1, shrink half_w=(256/256)->(128/128) percentage: 1.00 center=669
2022-08-15 13:44:48.282 [ INFO] 10233 stage_signal.cpp:1328 thread finish: to report INNO_LIDAR_IN_FAULT_NETWORK1
2022-08-15 13:44:48.307 [ INFO] 10242 stage_signal_reference.cpp:168 ref channel: 3, roi_type: 0, unlock->locked 1 (1/0) half_w=(256/256) center=670, bound limited: 0/0
2022-08-15 13:44:48.307 [ INFO] 10242 stage_signal_reference.cpp:185 ref channel: 3, roi_type: 0, shrink half_w=(512/512)->(256/256) percentage: 1.00 center=670
2022-08-15 13:44:48.307 [ INFO] 10242 stage_signal_reference.cpp:200 ref channel: 3, roi_type: 0, locked (1/0) half_w=(256/256) center=670, bound limited: 0/0
2022-08-15 13:44:48.307 [ INFO] 10242 stage_signal_reference.cpp:168 ref channel: 2, roi_type: 0, unlock->locked 1 (1/0) half_w=(256/256) center=658, bound limited: 0/0
2022-08-15 13:44:48.307 [ INFO] 10242 stage_signal_reference.cpp:185 ref channel: 2, roi_type: 0, shrink half_w=(512/512)->(256/256) percentage: 1.00 center=658
2022-08-15 13:44:48.307 [ INFO] 10242 stage_signal_reference.cpp:200 ref channel: 2, roi_type: 0, locked (1/0) half_w=(256/256) center=658, bound limited: 0/0
2022-08-15 13:44:48.307 [ INFO] 10242 stage_signal_reference.cpp:168 ref channel: 1, roi_type: 0, unlock->locked 1 (1/0) half_w=(256/256) center=678, bound limited: 0/0
2022-08-15 13:44:48.307 [ INFO] 10242 stage_signal_reference.cpp:185 ref channel: 1, roi_type: 0, shrink half_w=(512/512)->(256/256) percentage: 1.00 center=678
2022-08-15 13:44:48.307 [ INFO] 10242 stage_signal_reference.cpp:200 ref channel: 1, roi_type: 0, locked (1/0) half_w=(256/256) center=678, bound limited: 0/0
2022-08-15 13:44:48.332 [ INFO] 10242 stage_signal_reference.cpp:185 ref channel: 1, roi_type: 1, shrink half_w=(128/128)->(64/64) percentage: 1.00 center=680
2022-08-15 13:44:48.332 [ INFO] 10242 stage_signal_reference.cpp:185 ref channel: 2, roi_type: 1, shrink half_w=(128/128)->(64/64) percentage: 1.00 center=658
2022-08-15 13:44:48.332 [ INFO] 10242 stage_signal_reference.cpp:185 ref channel: 3, roi_type: 1, shrink half_w=(128/128)->(64/64) percentage: 1.00 center=670
2022-08-15 13:44:48.369 [ INFO] 10242 stage_signal_reference.cpp:185 ref channel: 1, roi_type: 1, shrink half_w=(64/64)->(32/32) percentage: 1.00 center=679
2022-08-15 13:44:48.369 [ INFO] 10242 stage_signal_reference.cpp:185 ref channel: 3, roi_type: 1, shrink half_w=(64/64)->(32/32) percentage: 1.00 center=669
2022-08-15 13:44:48.369 [ INFO] 10242 stage_signal_reference.cpp:185 ref channel: 2, roi_type: 1, shrink half_w=(64/64)->(32/32) percentage: 1.00 center=658
2022-08-15 13:44:48.394 [ INFO] 10242 stage_signal.cpp:2318 channel: 0, ref center: 688/688/688, update bound to 224
2022-08-15 13:44:48.394 [ INFO] 10242 stage_signal.cpp:2318 channel: 1, ref center: 675/675/675, update bound to 224
2022-08-15 13:44:48.394 [ INFO] 10242 stage_signal.cpp:2318 channel: 2, ref center: 655/655/655, update bound to 224
2022-08-15 13:44:48.394 [ INFO] 10242 stage_signal.cpp:2318 channel: 3, ref center: 665/665/665, update bound to 224
2022-08-15 13:44:48.394 [ INFO] 10242 stage_signal.cpp:2412 reference stats: total frames: 2, sample interval: 2/2/2/2, stats_total_ref_check_count=1/1/1/1, stats_ref_fit_count=1/1/1/1, stats_ref_unfit_count=0/0/0/0, stats_q_size=1/1/1/1/, mean=688.00/675.00/655.00/665.00, std_deviation=0.00/0.00/0.00/0.00, ref_tracking=(688/688/688), (675/675/675), (655/655/655) (665/665/665), search window=[(32/32)(32/32)], [(224/224)(32/32)], [(224/224)(32/32)], [(224/224)(32/32)], Ref_finder: channel: 0 sample interval: 1 {trigger count: 2301, sample count: 36829, collect: [count, avg_time]:{ [2234, 670] [27405, 686] [36825, 688] [36829, 688] }; pick: {1st: 688, 2nd: 688, 686, 670, }} channel: 1 sample interval: 1 {trigger count: 2301, sample count: 2302, collect: [count, avg_time]:{ [2295, 675] [2302, 675] }; pick: {1st: 675, 2nd: 675, }} channel: 2 sample interval: 1 {trigger count: 2301, sample count: 2302, collect: [count, avg_time]:{ [2291, 655] [2302, 655] }; pick: {1st: 655, 2nd: 655, }} channel: 3 sample interval: 1 {trigger count: 2301, sample count: 2301, collect: [count, avg_time]:{ [1629, 662] [2298, 665] [2301, 665] }; pick: {1st: 665, 2nd: 665, 662, }} 
2022-08-15 13:44:48.585 [ INFO] 10242 stage_signal_reference.cpp:185 ref channel: 2, roi_type: 0, shrink half_w=(224/224)->(112/112) percentage: 1.00 center=658
2022-08-15 13:44:48.585 [ INFO] 10242 stage_signal_reference.cpp:185 ref channel: 3, roi_type: 0, shrink half_w=(224/224)->(112/112) percentage: 1.00 center=670
2022-08-15 13:44:48.585 [ INFO] 10242 stage_signal_reference.cpp:185 ref channel: 1, roi_type: 0, shrink half_w=(224/224)->(112/112) percentage: 1.00 center=678
2022-08-15 13:44:48.591 [ INFO] 10242 stage_signal.cpp:2412 reference stats: total frames: 4, sample interval: 4/4/4/4, stats_total_ref_check_count=2/2/2/2, stats_ref_fit_count=2/2/2/2, stats_ref_unfit_count=0/0/0/0, stats_q_size=2/2/2/2/, mean=688.00/675.00/655.00/665.00, std_deviation=0.00/0.00/0.00/0.00, ref_tracking=(693/691/691), (678/680/680), (658/658/658) (670/670/670), search window=[(32/32)(32/32)], [(112/112)(32/32)], [(112/112)(32/32)], [(112/112)(32/32)], Ref_finder: channel: 0 sample interval: 2 {trigger count: 4602, sample count: 73642, collect: [count, avg_time]:{ [4403, 670] [55219, 686] [73639, 688] [73641, 688] }; pick: {1st: 688, 2nd: 688, 686, 670, }} channel: 1 sample interval: 2 {trigger count: 4602, sample count: 4603, collect: [count, avg_time]:{ [4586, 675] [4603, 675] }; pick: {1st: 675, 2nd: 675, }} channel: 2 sample interval: 2 {trigger count: 4602, sample count: 4603, collect: [count, avg_time]:{ [4561, 655] [4603, 655] }; pick: {1st: 655, 2nd: 655, }} channel: 3 sample interval: 2 {trigger count: 4602, sample count: 4603, collect: [count, avg_time]:{ [3236, 662] [4598, 665] [4603, 665] }; pick: {1st: 665, 2nd: 665, 662, }} 
2022-08-15 13:44:48.747 [ INFO] 10242 stage_signal_reference.cpp:185 ref channel: 2, roi_type: 0, shrink half_w=(112/112)->(56/56) percentage: 1.00 center=658
2022-08-15 13:44:48.778 [ INFO] 10242 stage_signal_reference.cpp:185 ref channel: 1, roi_type: 0, shrink half_w=(112/112)->(56/56) percentage: 1.00 center=678
2022-08-15 13:44:48.778 [ INFO] 10242 stage_signal_reference.cpp:185 ref channel: 3, roi_type: 0, shrink half_w=(112/112)->(56/56) percentage: 1.00 center=670
2022-08-15 13:44:48.906 [ INFO] 10242 stage_signal_reference.cpp:185 ref channel: 2, roi_type: 0, shrink half_w=(56/56)->(32/32) percentage: 1.00 center=658
2022-08-15 13:44:48.906 [ INFO] 10242 stage_signal_reference.cpp:185 ref channel: 1, roi_type: 0, shrink half_w=(56/56)->(32/32) percentage: 1.00 center=678
2022-08-15 13:44:48.906 [ INFO] 10242 stage_signal_reference.cpp:185 ref channel: 3, roi_type: 0, shrink half_w=(56/56)->(32/32) percentage: 1.00 center=670
2022-08-15 13:44:48.992 [ INFO] 10242 stage_signal.cpp:2412 reference stats: total frames: 8, sample interval: 8/8/8/8, stats_total_ref_check_count=3/3/3/3, stats_ref_fit_count=3/3/3/3, stats_ref_unfit_count=0/0/0/0, stats_q_size=3/3/3/3/, mean=688.33/675.00/655.00/665.00, std_deviation=0.47/0.00/0.00/0.00, ref_tracking=(693/691/691), (678/681/681), (658/658/658) (670/670/670), search window=[(32/32)(32/32)], [(32/32)(32/32)], [(32/32)(32/32)], [(32/32)(32/32)], Ref_finder: channel: 0 sample interval: 4 {trigger count: 9206, sample count: 147300, collect: [count, avg_time]:{ [8840, 670] [109368, 686] [147294, 689] [147300, 689] }; pick: {1st: 689, 2nd: 689, 686, 670, }} channel: 1 sample interval: 4 {trigger count: 9206, sample count: 9206, collect: [count, avg_time]:{ [9161, 675] [9206, 675] }; pick: {1st: 675, 2nd: 675, }} channel: 2 sample interval: 4 {trigger count: 9206, sample count: 9206, collect: [count, avg_time]:{ [9139, 655] [9205, 655] }; pick: {1st: 655, 2nd: 655, }} channel: 3 sample interval: 4 {trigger count: 9206, sample count: 9206, collect: [count, avg_time]:{ [6389, 662] [9197, 665] [9206, 665] }; pick: {1st: 665, 2nd: 665, 662, }} 
2022-08-15 13:44:49.038 [ INFO] 10242 lidar_clock.cpp:196 sync config switch --- from 3-FILE to 1-PTP
2022-08-15 13:44:49.038 [ INFO] 10242 lidar_clock.cpp:302 sync_type switch -- from 6-PTP_INIT to 7-PTP_LOCKED
2022-08-15 13:44:49.038 [ INFO] 10242 lidar_clock.cpp:179 update time=0, config=1-PTP state=7-PTP_LOCKED, fpga_clock=834182587412 ts=2021-11-06 04:29:27 utc=1636172967 bootup_utc=1636166293.539301, bootup_utc offset >100ms(0) >10ms(0) >1ms(0) >100us(0), ppm >1000(0) >500(0) >100(0) >40(0).
2022-08-15 13:44:49.219 [ INFO] 10237 stage_deliver.cpp:66 StageDeliver: dropped=0 delivered=418 mean/dev/max signal(wait=0.0/0.0/0.0 run=2.6/1.9/9.1) angle(wait=0.0/0.1/0.7 run=0.1/0.0/0.6) n0(wait=0.0/0.0/0.4 run=10.1/2.1/15.6) n1(wait=0.0/0.1/1.3 run=10.1/2.1/15.6) deliver(wait=0.0/0.0/0.8 run=0.1/0.1/0.5) sum=23.1/2.4/30.4ms callback=0.00/0.01/0.13/1145 frames=10 lost-frames=0 points=812928 missalignment=0.00/0.00/0.00/0
2022-08-15 13:44:50.057 [ INFO] 10242 stage_signal_reference.cpp:200 ref channel: 0, roi_type: 1, locked (513/0) half_w=(32/32) center=692, bound limited: 0/0
2022-08-15 13:44:50.630 [ INFO] 10243 resource_stats.cpp:159 pcsf pid=10229, uptime=2.50s, #RESOURCE_STATS# <READ> packets=704/704, bytes=45056K/45056K, bandwidth=18.45M/s; <DATA> packets=2848/2848, bytes=17312K/17312K, bandwidth=7.09M/s; <POINT> frames=24/24, points=1966K/1966K, point-rate=0.80M/s, ref_intensity_sum = 309521009432, ref_count_total = 376738039; <MESSAGE> packets=0/0, bytes=0K/0K, bandwidth=0.00M/s; <STATUS> packets=50/50, bytes=29K/29K, bandwidth=0.01M/s; user_cpu=0.57s, sys_cpu=0.21s, user_cpu_p=22.79%, sys_cpu_p=8.40%, vsize=1682186240, rss=31114, mq=0/0, q=0/3/0/0/0/0/0, q_max=1/3/3/3/2/2/0, q_blocked=0/689/0/0/0/0/0, q_dropped=0/0/0/0/0/0/0/0/0
2022-08-15 13:44:51.970 [ INFO] 10242 stage_signal_reference.cpp:200 ref channel: 0, roi_type: 1, locked (1025/0) half_w=(32/32) center=690, bound limited: 0/0
2022-08-15 13:44:53.105 [ INFO] 10235 status_report.cpp:345 counters: point_data_packet_sent=5835 point_sent=1090967 message_packet_sent=49 raw_data_read=91815936 total_frame=51 total_polygon_rotation=1983 total_polygon_facet=1983 power_up_time_in_second=648 process_up_time_in_second=6 lose_ptp_sync=0 bad_data[4]=0/0/0/0 data_drop[8]=0/0/0/0/0/0/0/0 signals[8]=5/2287189/0/1302454/0/1427647/74714/1297235 latency_10us_average[6]=0/262/5/1010/1012/6 latency_10us_variation[6]=0/0/13/8/4/6 latency_10us_max[6]=0/1135/57/1755/1755/224 big_latency_frame=0 bad_frame=0 big_gap_frame=0 small_gap_frame=0 cpu_percentage=20 mem_percentage=0 netstat_rx speed/drop/err=0kBps/0/0 netstat_tx speed/drop/err=0kBps/0/0 sys_cpu_percentage=26/15/15/17 motor[5]=35726/42264/49736/7472/9733 galvo[5]=38695/62000/59864/60848/38427 in_faults=0x0 ;sensor_readings: t_fpga=0 t_laser=0 t_adc=0 t_board=0 t_det=0/0/0/0 t_other=0/0/0 heater_ma=0 m_rpm=0 g_fpm=0 m_total=0 g_total=0 moisture=0/0 window_blockage=0/0 motor=0/0/0/0/0/0 galvo=0/0/0/0/0/0 laser=0/0/0/0/0/0 galvo_client=0x0/0 
2022-08-15 13:44:53.910 [ INFO] 10242 stage_signal_reference.cpp:200 ref channel: 0, roi_type: 0, locked (513/0) half_w=(32/32) center=694, bound limited: 0/0
2022-08-15 13:44:53.919 [ INFO] 10242 stage_signal_reference.cpp:200 ref channel: 0, roi_type: 1, locked (1537/0) half_w=(32/32) center=692, bound limited: 0/0
2022-08-15 13:44:55.824 [ INFO] 10242 stage_signal_reference.cpp:200 ref channel: 0, roi_type: 1, locked (2049/0) half_w=(32/32) center=691, bound limited: 0/0
2022-08-15 13:44:57.738 [ INFO] 10242 stage_signal_reference.cpp:200 ref channel: 0, roi_type: 1, locked (2561/0) half_w=(32/32) center=692, bound limited: 0/0
2022-08-15 13:44:58.126 [ INFO] 10235 status_report.cpp:345 counters: point_data_packet_sent=11881 point_sent=2220223 message_packet_sent=100 raw_data_read=184287232 total_frame=101 total_polygon_rotation=3990 total_polygon_facet=3990 power_up_time_in_second=653 process_up_time_in_second=11 lose_ptp_sync=0 bad_data[4]=0/0/0/0 data_drop[8]=0/0/0/0/0/0/0/0 signals[8]=10/4601352/0/2613306/0/2865122/150266/2608083 latency_10us_average[6]=0/262/5/1010/1012/6 latency_10us_variation[6]=0/0/10/6/4/10 latency_10us_max[6]=0/1265/61/2095/2107/334 big_latency_frame=0 bad_frame=0 big_gap_frame=0 small_gap_frame=0 cpu_percentage=0 mem_percentage=0 netstat_rx speed/drop/err=0kBps/0/0 netstat_tx speed/drop/err=0kBps/0/0 sys_cpu_percentage=23/14/13/14 motor[5]=35645/42264/49736/7472/9710 galvo[5]=29044/42776/8752/27616/30948 in_faults=0x0 ;sensor_readings: t_fpga=0 t_laser=0 t_adc=0 t_board=0 t_det=0/0/0/0 t_other=0/0/0 heater_ma=0 m_rpm=0 g_fpm=0 m_total=0 g_total=0 moisture=0/0 window_blockage=0/0 motor=0/0/0/0/0/0 galvo=0/0/0/0/0/0 laser=0/0/0/0/0/0 galvo_client=0x0/0 
2022-08-15 13:44:58.130 [ INFO] 10243 consumer_producer.cpp:493 read queue#0 added=1 finished=0 dropped=0 blocked=0 wait=0us process=0us drop=0us pid=10243 
2022-08-15 13:44:58.130 [ INFO] 10243 consumer_producer.cpp:493 signal queue#0 added=2813 finished=2809 dropped=0 blocked=2779 wait=14043us process=3536us drop=0us pid=10242 elapsed_time=9997/9997ms active_time=9932/9932ms ratio=99.35%/99.35%
2022-08-15 13:44:58.130 [ INFO] 10243 consumer_producer.cpp:493 angle queue#0 added=3991 finished=3990 dropped=0 blocked=0 wait=36us process=62us drop=0us pid=10241 elapsed_time=9997/9997ms active_time=250/250ms ratio=2.51%/2.51%
2022-08-15 13:44:58.130 [ INFO] 10243 consumer_producer.cpp:493 noise_filter_phase0 queue#0 added=3990 finished=3990 dropped=0 blocked=0 wait=40us process=121us drop=0us pid=10240 elapsed_time=9997/9997ms active_time=485/485ms ratio=4.86%/4.86%
2022-08-15 13:44:58.130 [ INFO] 10243 consumer_producer.cpp:493 noise_filter_phase1 queue#0 added=3986 finished=3986 dropped=0 blocked=0 wait=38us process=137us drop=0us pid=10239 elapsed_time=9997/9997ms active_time=547/547ms ratio=5.48%/5.48%
2022-08-15 13:44:58.130 [ INFO] 10243 consumer_producer.cpp:493 deliver queue#0 added=3982 finished=3982 dropped=0 blocked=0 wait=36us process=74us drop=0us pid=10237 elapsed_time=9997/9997ms active_time=298/298ms ratio=2.99%/2.99%
2022-08-15 13:44:58.130 [ INFO] 10243 consumer_producer.cpp:493 
2022-08-15 13:44:58.130 [ INFO] 10243 stage_read.cpp:165 StageRead: XXX TODO,raw_data_read_: 184352768
2022-08-15 13:44:58.130 [ INFO] 10243 stage_signal.cpp:1974 StageSignal: g_encoder_count=149547 stats_pr_encoder_count=3992 pf_encoder_count=0 padding_count=0 trigger_count=3676067 adc_count=24035071 pulse_count=19063202 ref_count=4323398 ref_sample_count=4323398 previous_pulse_0=41918 previous_pulse_1=3 discarded_multi_return=633057 scatter=90 road_points=0 retro=269248 discard_pre_retro=745 discard_post_retro=15323 below_min_intensity=1355407 force_drop_0=0 not_enough_g_0=0 other_encoder_count=0 bad_ts_0=0 bad_ts_1=0 discard_pulse=0 discard_trigger=0 discard_encoder_0=0 discard_encoder_1=0 discard_encoder_2=0 galvo_delay=4733 ignore_polygon_no_active=0 ignore_polygon_small_gap=0 road_0=0 road_1=0 polygon_mean/std/min/max/delta_max/cnt=2500.1/35.6/2401.6/2605.6/204.1/3991 polygon_real_mean/std/min/max/delta_max/cnt=12500.4/0.3/12499.6/12501.2/0.9/799 galvo_0_mean=100003.7/25.8/99949.2/100016.2/49 galvo_1_mean=100002.6/26.7/99949.2/100016.2/50 
2022-08-15 13:44:58.130 [ INFO] 10243 stage_angle.cpp:1229 StageAngle: frames=101 facets=3991 drop_few_adc=0 drop_few_polygon=0 drop_few_galvo=0 fov_filter_blocks=774525 polygon_too_long=0 polygon_too_short=0 polygon_ooo1=0 polygon_ooo2=0 no_copy_=0 
2022-08-15 13:44:58.130 [ INFO] 10243 stage_noise_filter.cpp:70 Stage_n0: jobs_dropped=0 jobs_skipped=0 revive=2037/2288/0/0 noise=(2935/2974/0/0) (3010/3013/0/0) real=(40265/40881/0/0) (0/0/0/0) mean/dev/min/max noise=5718.4/439.8/4897.0/6477.0 real=80927.0/3986.2/41338.0/81869.0 noise_intensity=(1400/2182 1237/2015 0/0 0/0) (1332/2117 1183/1931 0/0 0/0) noise_distance=(84.0/122.4 49.3/41.8 0.0/0.0 0.0/0.0) (488.6/195.7 449.9/148.3 0.0/0.0 0.0/0.0) frames=100 lost-frames=0
2022-08-15 13:44:58.130 [ INFO] 10243 stage_noise_filter.cpp:70 Stage_n1: jobs_dropped=0 jobs_skipped=0 revive=0/0/2554/2594 noise=(0/0/3159/3340) (0/0/3182/3354) real=(0/0/42076/40637) (0/0/3/0) mean/dev/min/max noise=6209.6/468.8/5446.0/6977.0 real=81950.8/4291.5/39397.0/83147.0 noise_intensity=(0/0 0/0 1042/1646 1057/1669) (0/0 0/0 1001/1584 1015/1557) noise_distance=(0.0/0.0 0.0/0.0 54.9/40.8 60.1/51.3) (0.0/0.0 0.0/0.0 459.7/150.5 448.9/142.6) frames=100 lost-frames=0
2022-08-15 13:44:58.130 [ INFO] 10243 stage_deliver.cpp:66 StageDeliver: dropped=0 delivered=3982 mean/dev/max signal(wait=0.0/0.0/0.0 run=2.6/1.9/12.7) angle(wait=0.0/0.1/4.2 run=0.1/0.0/0.6) n0(wait=0.0/0.1/2.3 run=10.1/2.1/21.0) n1(wait=0.0/0.0/1.3 run=10.1/2.1/21.1) deliver(wait=0.0/0.1/4.4 run=0.1/0.1/3.3) sum=23.1/2.1/32.7ms callback=0.00/0.00/0.18/11884 frames=99 lost-frames=0 points=8446708 missalignment=0.00/0.00/0.00/0
2022-08-15 13:44:58.130 [ INFO] 10243 stage_deliver2.cpp:36 StageDeliver2: dropped=0 delivered=0
2022-08-15 13:44:58.130 [ INFO] 10243 consumer_producer.cpp:493 AsyncLogThread_Manager queue#0 added=171 finished=157 dropped=0 blocked=0 wait=30126us process=1291us drop=0us pid=10230 elapsed_time=10024/10024ms active_time=202/202ms ratio=2.02%/2.02%
2022-08-15 13:44:59.648 [ INFO] 10242 stage_signal_reference.cpp:200 ref channel: 0, roi_type: 1, locked (3073/0) half_w=(32/32) center=692, bound limited: 0/0
2022-08-15 13:44:59.699 [ INFO] 10242 stage_signal_reference.cpp:200 ref channel: 0, roi_type: 0, locked (1025/0) half_w=(32/32) center=694, bound limited: 0/0
2022-08-15 13:45:00.995 [ INFO] 10242 stage_signal.cpp:2412 reference stats: total frames: 128, sample interval: 128/128/128/128, stats_total_ref_check_count=7/7/7/7, stats_ref_fit_count=7/7/7/7, stats_ref_unfit_count=0/0/0/0, stats_q_size=7/7/7/7/, mean=688.57/675.00/655.00/665.00, std_deviation=0.49/0.00/0.00/0.00, ref_tracking=(694/691/691), (678/681/681), (658/658/658) (670/670/670), search window=[(32/32)(32/32)], [(32/32)(32/32)], [(32/32)(32/32)], [(32/32)(32/32)], Ref_finder: channel: 0 sample interval: 64 {trigger count: 147304, sample count: 2356860, collect: [count, avg_time]:{ [137593, 670] [1750022, 686] [2356724, 689] [2356859, 689] [2356860, 689] }; pick: {1st: 689, 2nd: 689, 689, 686, 670, }} channel: 1 sample interval: 64 {trigger count: 147304, sample count: 147304, collect: [count, avg_time]:{ [146646, 675] [147304, 675] }; pick: {1st: 675, 2nd: 675, }} channel: 2 sample interval: 64 {trigger count: 147304, sample count: 147304, collect: [count, avg_time]:{ [146361, 655] [147303, 655] }; pick: {1st: 655, 2nd: 655, }} channel: 3 sample interval: 64 {trigger count: 147304, sample count: 147304, collect: [count, avg_time]:{ [102031, 662] [147132, 665] [147302, 665] }; pick: {1st: 665, 2nd: 665, 662, }} 
2022-08-15 13:45:01.559 [ INFO] 10242 stage_signal_reference.cpp:200 ref channel: 0, roi_type: 1, locked (3585/0) half_w=(32/32) center=691, bound limited: 0/0
2022-08-15 13:45:03.150 [ INFO] 10235 status_report.cpp:345 counters: point_data_packet_sent=17934 point_sent=3350863 message_packet_sent=150 raw_data_read=276955136 total_frame=151 total_polygon_rotation=5999 total_polygon_facet=5999 power_up_time_in_second=658 process_up_time_in_second=16 lose_ptp_sync=0 bad_data[4]=0/0/0/0 data_drop[8]=0/0/0/0/0/0/0/0 signals[8]=15/6920898/0/3928464/0/4303000/225888/3923403 latency_10us_average[6]=0/262/5/1011/1012/6 latency_10us_variation[6]=0/0/12/5/4/10 latency_10us_max[6]=0/1265/61/2158/2161/334 big_latency_frame=0 bad_frame=0 big_gap_frame=0 small_gap_frame=0 cpu_percentage=0 mem_percentage=0 netstat_rx speed/drop/err=0kBps/0/0 netstat_tx speed/drop/err=0kBps/0/0 sys_cpu_percentage=21/13/13/13 motor[5]=35644/42264/49736/7472/9715 galvo[5]=50500/23320/23952/60672/41216 in_faults=0x0 ;sensor_readings: t_fpga=0 t_laser=0 t_adc=0 t_board=0 t_det=0/0/0/0 t_other=0/0/0 heater_ma=0 m_rpm=0 g_fpm=0 m_total=0 g_total=0 moisture=0/0 window_blockage=0/0 motor=0/0/0/0/0/0 galvo=0/0/0/0/0/0 laser=0/0/0/0/0/0 galvo_client=0x0/0 
2022-08-15 13:45:03.465 [ INFO] 10242 stage_signal_reference.cpp:200 ref channel: 0, roi_type: 1, locked (4097/0) half_w=(32/32) center=692, bound limited: 0/0
2022-08-15 13:45:05.415 [ INFO] 10242 stage_signal_reference.cpp:200 ref channel: 0, roi_type: 1, locked (4609/0) half_w=(32/32) center=691, bound limited: 0/0
2022-08-15 13:45:05.488 [ INFO] 10242 stage_signal_reference.cpp:200 ref channel: 0, roi_type: 0, locked (1537/0) half_w=(32/32) center=693, bound limited: 0/0
2022-08-15 13:45:07.328 [ INFO] 10242 stage_signal_reference.cpp:200 ref channel: 0, roi_type: 1, locked (5121/0) half_w=(32/32) center=692, bound limited: 0/0
2022-08-15 13:45:08.173 [ INFO] 10235 status_report.cpp:345 counters: point_data_packet_sent=23983 point_sent=4480915 message_packet_sent=200 raw_data_read=369688576 total_frame=201 total_polygon_rotation=8008 total_polygon_facet=8008 power_up_time_in_second=663 process_up_time_in_second=21 lose_ptp_sync=0 bad_data[4]=0/0/0/0 data_drop[8]=0/0/0/0/0/0/0/0 signals[8]=20/9239707/0/5245891/0/5745167/301495/5240079 latency_10us_average[6]=0/261/5/1011/1012/6 latency_10us_variation[6]=0/0/11/9/4/8 latency_10us_max[6]=0/1280/61/2158/2161/334 big_latency_frame=0 bad_frame=0 big_gap_frame=0 small_gap_frame=0 cpu_percentage=39 mem_percentage=0 netstat_rx speed/drop/err=0kBps/0/0 netstat_tx speed/drop/err=0kBps/0/0 sys_cpu_percentage=18/12/10/13 motor[5]=35648/42264/49736/7472/9708 galvo[5]=35130/3864/39152/28192/8562 in_faults=0x0 ;sensor_readings: t_fpga=0 t_laser=0 t_adc=0 t_board=0 t_det=0/0/0/0 t_other=0/0/0 heater_ma=0 m_rpm=0 g_fpm=0 m_total=0 g_total=0 moisture=0/0 window_blockage=0/0 motor=0/0/0/0/0/0 galvo=0/0/0/0/0/0 laser=0/0/0/0/0/0 galvo_client=0x0/0 
2022-08-15 13:45:09.234 [ INFO] 10242 stage_signal_reference.cpp:200 ref channel: 0, roi_type: 1, locked (5633/0) half_w=(32/32) center=691, bound limited: 0/0
2022-08-15 13:45:10.869 [ INFO] 10243 stage_read.cpp:706 pcsf reach end of /apollo/data/sn361822100450_11_06_2021_04_29_29_F52_15_400.inno_raw
2022-08-15 13:45:10.869 [ INFO] 10243 stage_read.cpp:711 pcsf rewind file /apollo/data/sn361822100450_11_06_2021_04_29_29_F52_15_400.inno_raw 1/-1
2022-08-15 13:45:10.870 [ INFO] 10243 utils.cpp:363 open /apollo/data/sn361822100450_11_06_2021_04_29_29_F52_15_400.inno_raw
2022-08-15 13:45:11.152 [ INFO] 10242 stage_signal_reference.cpp:200 ref channel: 0, roi_type: 1, locked (6145/0) half_w=(32/32) center=691, bound limited: 0/0
2022-08-15 13:45:11.243 [ INFO] 10242 stage_signal_reference.cpp:200 ref channel: 0, roi_type: 0, locked (2049/0) half_w=(32/32) center=693, bound limited: 0/0
2022-08-15 13:45:13.064 [ INFO] 10242 stage_signal_reference.cpp:200 ref channel: 0, roi_type: 1, locked (6657/0) half_w=(32/32) center=692, bound limited: 0/0
2022-08-15 13:45:13.207 [ INFO] 10235 status_report.cpp:345 counters: point_data_packet_sent=30042 point_sent=5613372 message_packet_sent=250 raw_data_read=462749694 total_frame=252 total_polygon_rotation=10021 total_polygon_facet=10021 power_up_time_in_second=668 process_up_time_in_second=26 lose_ptp_sync=0 bad_data[4]=0/0/0/0 data_drop[8]=0/0/0/0/0/0/0/0 signals[8]=24/11566006/0/6568823/0/7197818/377285/6556090 latency_10us_average[6]=0/261/6/1012/1014/6 latency_10us_variation[6]=0/0/15/11/9/11 latency_10us_max[6]=0/1280/264/2158/2161/334 big_latency_frame=0 bad_frame=0 big_gap_frame=0 small_gap_frame=0 cpu_percentage=57 mem_percentage=0 netstat_rx speed/drop/err=0kBps/0/0 netstat_tx speed/drop/err=0kBps/0/0 sys_cpu_percentage=16/14/11/11 motor[5]=35709/1720/49736/7472/9689 galvo[5]=16853/35464/54352/52880/2756 in_faults=0x0 ;sensor_readings: t_fpga=0 t_laser=0 t_adc=0 t_board=0 t_det=0/0/0/0 t_other=0/0/0 heater_ma=0 m_rpm=0 g_fpm=0 m_total=0 g_total=0 moisture=0/0 window_blockage=0/0 motor=0/0/0/0/0/0 galvo=0/0/0/0/0/0 laser=0/0/0/0/0/0 galvo_client=0x0/0 
2022-08-15 13:45:13.731 [ INFO] 10242 stage_signal.cpp:2412 reference stats: total frames: 256, sample interval: 128/128/128/128, stats_total_ref_check_count=8/8/8/8, stats_ref_fit_count=8/8/8/8, stats_ref_unfit_count=0/0/0/0, stats_q_size=8/8/8/8/, mean=688.62/675.00/655.00/665.00, std_deviation=0.48/0.00/0.00/0.00, ref_tracking=(693/691/691), (678/680/680), (658/658/658) (670/670/670), search window=[(32/32)(32/32)], [(32/32)(32/32)], [(32/32)(32/32)], [(32/32)(32/32)], Ref_finder: channel: 0 sample interval: 128 {trigger count: 293273, sample count: 4692367, collect: [count, avg_time]:{ [274013, 670] [3470641, 686] [4692102, 689] [4692358, 689] }; pick: {1st: 689, 2nd: 689, 686, 670, }} channel: 1 sample interval: 128 {trigger count: 293273, sample count: 293273, collect: [count, avg_time]:{ [291978, 675] [293273, 675] }; pick: {1st: 675, 2nd: 675, }} channel: 2 sample interval: 128 {trigger count: 293273, sample count: 293273, collect: [count, avg_time]:{ [291360, 655] [293269, 655] [293270, 655] }; pick: {1st: 655, 2nd: 655, 655, }} channel: 3 sample interval: 128 {trigger count: 293273, sample count: 293272, collect: [count, avg_time]:{ [201933, 662] [292873, 665] [293270, 665] }; pick: {1st: 665, 2nd: 665, 662, }} 
2022-08-15 13:45:14.972 [ INFO] 10242 stage_signal_reference.cpp:200 ref channel: 0, roi_type: 1, locked (7169/0) half_w=(32/32) center=691, bound limited: 0/0
2022-08-15 13:45:16.630 [ INFO] 10231 server_ws.cpp:103 Server: Connect connection 0xffffa8000e80. path: ^/command/?.*$ query: set_reflectance_mode=1. From 127.0.0.1
2022-08-15 13:45:16.630 [ INFO] 10231 pcs.cpp:841 get set_reflectance_mode request 1 from 127.0.0.1
2022-08-15 13:45:16.630 [ INFO] 10231 server_ws.cpp:50 Server: Event in connection 0xffffa8000e80. message: End of file
2022-08-15 13:45:16.630 [ INFO] 10231 server_ws.cpp:103 Server: Connect connection 0xffffa8001c40. path: ^/command/?.*$ query: set_return_mode=1. From 127.0.0.1
2022-08-15 13:45:16.630 [ INFO] 10231 pcs.cpp:841 get set_return_mode request 1 from 127.0.0.1
2022-08-15 13:45:16.630 [ INFO] 10231 server_ws.cpp:50 Server: Event in connection 0xffffa8001c40. message: End of file
2022-08-15 13:45:16.631 [ INFO] 10231 server_ws.cpp:103 Server: Connect connection 0xffffa8000e80. path: ^/command/?.*$ query: get_sw_version. From 127.0.0.1
2022-08-15 13:45:16.631 [ INFO] 10231 pcs.cpp:829 command get_sw_version ret=0 result= VERSION: 2.7.0-rc297h-arm-public
BUILD_TAG: release-2.7.0-rc297h-arm
BUILD_TIME: 10:27:20 Jul 21 2022
API: 2.3.0.20220721102449
API_BUILD_TAG: release-2.7.0-rc297h-arm
API_BUILD_TIME: 10:25:26 Jul 21 2022
2022-08-15 13:45:16.631 [ INFO] 10231 server_ws.cpp:50 Server: Event in connection 0xffffa8000e80. message: End of file
2022-08-15 13:45:16.631 [ INFO] 10231 server_ws.cpp:103 Server: Connect connection 0xffffa8001c40. path: ^/command/?.*$ query: get_command_line. From 127.0.0.1
2022-08-15 13:45:16.631 [ INFO] 10231 pcs.cpp:829 command get_command_line ret=0 result= ./inno_pc_server --file /apollo/data/sn361822100450_11_06_2021_04_29_29_F52_15_400.inno_raw --rewind -1 --tcp-port 10001
2022-08-15 13:45:16.631 [ INFO] 10231 server_ws.cpp:50 Server: Event in connection 0xffffa8001c40. message: End of file
2022-08-15 13:45:16.631 [ INFO] 10231 server_ws.cpp:103 Server: Connect connection 0xffffa8000e80. path: ^/command/?.*$ query: get_fw_version. From 127.0.0.1
2022-08-15 13:45:16.631 [ INFO] 10231 pcs.cpp:829 command get_fw_version ret=0 result= Inno Lidar Server
2022-08-15 13:45:16.632 [ INFO] 10231 server_ws.cpp:50 Server: Event in connection 0xffffa8000e80. message: End of file
2022-08-15 13:45:16.632 [ INFO] 10231 server_ws.cpp:103 Server: Connect connection 0xffffa8001c40. path: ^/command/?.*$ query: get_lidar_id. From 127.0.0.1
2022-08-15 13:45:16.632 [ INFO] 10231 pcs.cpp:829 command get_lidar_id ret=0 result= 0
2022-08-15 13:45:16.632 [ INFO] 10231 server_ws.cpp:50 Server: Event in connection 0xffffa8001c40. message: End of file
2022-08-15 13:45:16.632 [ INFO] 10231 server_ws.cpp:103 Server: Connect connection 0xffffa8000e80. path: ^/command/?.*$ query: get_debug. From 127.0.0.1
2022-08-15 13:45:16.632 [ INFO] 10231 pcs.cpp:829 command get_debug ret=0 result= 6
2022-08-15 13:45:16.632 [ INFO] 10231 server_ws.cpp:50 Server: Event in connection 0xffffa8000e80. message: End of file
2022-08-15 13:45:16.632 [ INFO] 10231 server_ws.cpp:103 Server: Connect connection 0xffffa8001c40. path: ^/command/?.*$ query: get_udp_ports_ip. From 127.0.0.1
2022-08-15 13:45:16.632 [ INFO] 10231 pcs.cpp:829 command get_udp_ports_ip ret=0 result= 8010,8010,8010,0.0.0.0,0.0.0.0,127.0.0.1
2022-08-15 13:45:16.632 [ INFO] 10231 server_ws.cpp:50 Server: Event in connection 0xffffa8001c40. message: End of file
2022-08-15 13:45:16.632 [ INFO] 10231 server_ws.cpp:103 Server: Connect connection 0xffffa8000e80. path: ^/command/?.*$ query: get_status_interval_ms. From 127.0.0.1
2022-08-15 13:45:16.632 [ INFO] 10231 pcs.cpp:829 command get_status_interval_ms ret=0 result= 50
2022-08-15 13:45:16.632 [ INFO] 10231 server_ws.cpp:50 Server: Event in connection 0xffffa8000e80. message: End of file
2022-08-15 13:45:16.632 [ INFO] 10231 server_ws.cpp:103 Server: Connect connection 0xffffa8001c40. path: ^/command/?.*$ query: get_sn. From 127.0.0.1
2022-08-15 13:45:16.632 [ INFO] 10231 pcs.cpp:829 command get_sn ret=0 result= s_file_replay
2022-08-15 13:45:16.633 [ INFO] 10231 server_ws.cpp:50 Server: Event in connection 0xffffa8001c40. message: End of file
2022-08-15 13:45:16.633 [ INFO] 10231 server_ws.cpp:103 Server: Connect connection 0xffffa8000e80. path: ^/command/?.*$ query: get_frame_rate. From 127.0.0.1
2022-08-15 13:45:16.633 [ INFO] 10231 pcs.cpp:829 command get_frame_rate ret=0 result= 10.000000
2022-08-15 13:45:16.633 [ INFO] 10231 server_ws.cpp:50 Server: Event in connection 0xffffa8000e80. message: End of file
2022-08-15 13:45:16.633 [ INFO] 10231 server_ws.cpp:103 Server: Connect connection 0xffffa8001c40. path: ^/start/?.*$ query: . From 127.0.0.1
2022-08-15 13:45:16.633 [ INFO] 10231 pc_server_ws_processor.cpp:265 add streaming connection
2022-08-15 13:45:16.663 [ INFO] 10231 server_ws.cpp:50 Server: Event in connection 0xffffa8001c40. message: Connection reset by peer
2022-08-15 13:45:16.887 [ INFO] 10242 stage_signal_reference.cpp:200 ref channel: 0, roi_type: 1, locked (7681/0) half_w=(32/32) center=692, bound limited: 0/0
2022-08-15 13:45:17.035 [ INFO] 10242 stage_signal_reference.cpp:200 ref channel: 0, roi_type: 0, locked (2561/0) half_w=(32/32) center=693, bound limited: 0/0
2022-08-15 13:45:18.132 [ INFO] 10242 lidar_clock.cpp:271 sync_type switch -- from 7-PTP_LOCKED to 14-PTP_LOST
2022-08-15 13:45:18.132 [ INFO] 10242 lidar_clock.cpp:179 update time=28, config=1-PTP state=14-PTP_LOST, fpga_clock=834932339302 ts=2021-11-06 04:29:33 utc=1636172973 bootup_utc=1636166293.541286, bootup_utc offset >100ms(0) >10ms(0) >1ms(3) >100us(16), ppm >1000(2) >500(0) >100(16) >40(1).
2022-08-15 13:45:18.132 [ INFO] 10242 stage_signal.cpp:1360 INNO_LIDAR_IN_FAULT_NETWORK1 reporting
2022-08-15 13:45:18.134 [ INFO] 10878 stage_signal.cpp:1320 thread start: to report INNO_LIDAR_IN_FAULT_NETWORK1
2022-08-15 13:45:18.246 [ERROR] 10878 fault_manager.cpp:498 fault INNO_LIDAR_IN_FAULT_NETWORK1(37) has been set internally. can't receive ptp message in 30 sec.
pre stat ---------- 
 time ns: 642842169598,  ptp4l id: 
mcast: 
40   eth0            1     0     333300000001
40   eth0            1     0     01005e000001
 
pmc:  
ehtool statistics:
 
cur stat ---------- 
 time ns: 672806678612,  ptp4l id: 
mcast: 
40   eth0            1     0     333300000001
40   eth0            1     0     01005e000001
 
pmc:  
ehtool statistics:
2022-08-15 13:45:18.246 [ INFO] 10878 stage_signal.cpp:1328 thread finish: to report INNO_LIDAR_IN_FAULT_NETWORK1
2022-08-15 13:45:18.262 [ INFO] 10235 status_report.cpp:345 counters: point_data_packet_sent=36137 point_sent=6751651 message_packet_sent=301 raw_data_read=555745278 total_frame=303 total_polygon_rotation=12044 total_polygon_facet=12044 power_up_time_in_second=673 process_up_time_in_second=31 lose_ptp_sync=0 bad_data[4]=0/0/0/0 data_drop[8]=0/0/0/0/0/0/0/0 signals[8]=29/13890649/0/7889218/0/8644738/453420/7873825 latency_10us_average[6]=0/262/7/1014/1016/7 latency_10us_variation[6]=0/0/18/23/12/15 latency_10us_max[6]=0/1639/384/2479/2462/890 big_latency_frame=0 bad_frame=0 big_gap_frame=0 small_gap_frame=0 cpu_percentage=40 mem_percentage=0 netstat_rx speed/drop/err=0kBps/0/0 netstat_tx speed/drop/err=0kBps/0/0 sys_cpu_percentage=21/15/15/18 motor[5]=35658/1720/49736/7472/9697 galvo[5]=12735/30120/4016/22224/48668 in_faults=0x2000000000 ;sensor_readings: t_fpga=0 t_laser=0 t_adc=0 t_board=0 t_det=0/0/0/0 t_other=0/0/0 heater_ma=0 m_rpm=0 g_fpm=0 m_total=0 g_total=0 moisture=0/0 window_blockage=0/0 motor=0/0/0/0/0/0 galvo=0/0/0/0/0/0 laser=0/0/0/0/0/0 galvo_client=0x0/0 
2022-08-15 13:45:18.778 [ INFO] 10242 lidar_clock.cpp:302 sync_type switch -- from 14-PTP_LOST to 7-PTP_LOCKED
2022-08-15 13:45:18.778 [ INFO] 10242 lidar_clock.cpp:179 update time=29, config=1-PTP state=7-PTP_LOCKED, fpga_clock=835057309618 ts=2021-11-06 04:29:34 utc=1636172974 bootup_utc=1636166293.541523, bootup_utc offset >100ms(0) >10ms(0) >1ms(3) >100us(17), ppm >1000(2) >500(0) >100(17) >40(1).
2022-08-15 13:45:18.778 [ INFO] 10242 lidar_clock.cpp:271 sync_type switch -- from 7-PTP_LOCKED to 14-PTP_LOST
2022-08-15 13:45:18.778 [ INFO] 10242 lidar_clock.cpp:179 update time=29, config=1-PTP state=14-PTP_LOST, fpga_clock=835057309618 ts=2021-11-06 04:29:34 utc=1636172974 bootup_utc=1636166293.541523, bootup_utc offset >100ms(0) >10ms(0) >1ms(3) >100us(17), ppm >1000(2) >500(0) >100(17) >40(1).
2022-08-15 13:45:18.793 [ INFO] 10242 stage_signal_reference.cpp:200 ref channel: 0, roi_type: 1, locked (8193/0) half_w=(32/32) center=692, bound limited: 0/0
2022-08-15 13:45:18.793 [ INFO] 10242 stage_signal_reference.cpp:200 ref channel: 2, roi_type: 1, locked (513/0) half_w=(32/32) center=658, bound limited: 0/0
2022-08-15 13:45:19.075 [ INFO] 10242 stage_signal_reference.cpp:200 ref channel: 3, roi_type: 1, locked (513/0) half_w=(32/32) center=670, bound limited: 0/0
2022-08-15 13:45:19.088 [ INFO] 10242 stage_signal_reference.cpp:200 ref channel: 1, roi_type: 1, locked (513/0) half_w=(32/32) center=680, bound limited: 0/0
2022-08-15 13:45:19.777 [ INFO] 10242 lidar_clock.cpp:302 sync_type switch -- from 14-PTP_LOST to 7-PTP_LOCKED
2022-08-15 13:45:19.777 [ INFO] 10242 lidar_clock.cpp:179 update time=30, config=1-PTP state=7-PTP_LOCKED, fpga_clock=835182341338 ts=2021-11-06 04:29:35 utc=1636172975 bootup_utc=1636166293.541269, bootup_utc offset >100ms(0) >10ms(0) >1ms(3) >100us(18), ppm >1000(2) >500(0) >100(18) >40(1).
2022-08-15 13:45:19.777 [ INFO] 10242 lidar_clock.cpp:271 sync_type switch -- from 7-PTP_LOCKED to 14-PTP_LOST
2022-08-15 13:45:19.777 [ INFO] 10242 lidar_clock.cpp:179 update time=30, config=1-PTP state=14-PTP_LOST, fpga_clock=835182341338 ts=2021-11-06 04:29:35 utc=1636172975 bootup_utc=1636166293.541269, bootup_utc offset >100ms(0) >10ms(0) >1ms(3) >100us(18), ppm >1000(2) >500(0) >100(18) >40(1).
2022-08-15 13:45:20.559 [ INFO] 10231 server_ws.cpp:103 Server: Connect connection 0xffffa8000e80. path: ^/command/?.*$ query: set_reflectance_mode=1. From 127.0.0.1
2022-08-15 13:45:20.559 [ INFO] 10231 pcs.cpp:841 get set_reflectance_mode request 1 from 127.0.0.1
2022-08-15 13:45:20.559 [ INFO] 10231 server_ws.cpp:50 Server: Event in connection 0xffffa8000e80. message: End of file
2022-08-15 13:45:20.560 [ INFO] 10231 server_ws.cpp:103 Server: Connect connection 0xffffa8001c40. path: ^/command/?.*$ query: set_return_mode=1. From 127.0.0.1
2022-08-15 13:45:20.560 [ INFO] 10231 pcs.cpp:841 get set_return_mode request 1 from 127.0.0.1
2022-08-15 13:45:20.560 [ INFO] 10231 server_ws.cpp:50 Server: Event in connection 0xffffa8001c40. message: End of file
2022-08-15 13:45:20.560 [ INFO] 10231 server_ws.cpp:103 Server: Connect connection 0xffffa8000e80. path: ^/command/?.*$ query: get_sw_version. From 127.0.0.1
2022-08-15 13:45:20.560 [ INFO] 10231 pcs.cpp:829 command get_sw_version ret=0 result= VERSION: 2.7.0-rc297h-arm-public
BUILD_TAG: release-2.7.0-rc297h-arm
BUILD_TIME: 10:27:20 Jul 21 2022
API: 2.3.0.20220721102449
API_BUILD_TAG: release-2.7.0-rc297h-arm
API_BUILD_TIME: 10:25:26 Jul 21 2022
2022-08-15 13:45:20.560 [ INFO] 10231 server_ws.cpp:50 Server: Event in connection 0xffffa8000e80. message: End of file
2022-08-15 13:45:20.560 [ INFO] 10231 server_ws.cpp:103 Server: Connect connection 0xffffa8001c40. path: ^/command/?.*$ query: get_command_line. From 127.0.0.1
2022-08-15 13:45:20.560 [ INFO] 10231 pcs.cpp:829 command get_command_line ret=0 result= ./inno_pc_server --file /apollo/data/sn361822100450_11_06_2021_04_29_29_F52_15_400.inno_raw --rewind -1 --tcp-port 10001
2022-08-15 13:45:20.560 [ INFO] 10231 server_ws.cpp:50 Server: Event in connection 0xffffa8001c40. message: End of file
2022-08-15 13:45:20.560 [ INFO] 10231 server_ws.cpp:103 Server: Connect connection 0xffffa8000e80. path: ^/command/?.*$ query: get_fw_version. From 127.0.0.1
2022-08-15 13:45:20.560 [ INFO] 10231 pcs.cpp:829 command get_fw_version ret=0 result= Inno Lidar Server
2022-08-15 13:45:20.560 [ INFO] 10231 server_ws.cpp:50 Server: Event in connection 0xffffa8000e80. message: End of file
2022-08-15 13:45:20.561 [ INFO] 10231 server_ws.cpp:103 Server: Connect connection 0xffffa8001c40. path: ^/command/?.*$ query: get_lidar_id. From 127.0.0.1
2022-08-15 13:45:20.561 [ INFO] 10231 pcs.cpp:829 command get_lidar_id ret=0 result= 0
2022-08-15 13:45:20.561 [ INFO] 10231 server_ws.cpp:50 Server: Event in connection 0xffffa8001c40. message: End of file
2022-08-15 13:45:20.561 [ INFO] 10231 server_ws.cpp:103 Server: Connect connection 0xffffa8000e80. path: ^/command/?.*$ query: get_debug. From 127.0.0.1
2022-08-15 13:45:20.561 [ INFO] 10231 pcs.cpp:829 command get_debug ret=0 result= 6
2022-08-15 13:45:20.561 [ INFO] 10231 server_ws.cpp:50 Server: Event in connection 0xffffa8000e80. message: End of file
2022-08-15 13:45:20.561 [ INFO] 10231 server_ws.cpp:103 Server: Connect connection 0xffffa8001c40. path: ^/command/?.*$ query: get_udp_ports_ip. From 127.0.0.1
2022-08-15 13:45:20.561 [ INFO] 10231 pcs.cpp:829 command get_udp_ports_ip ret=0 result= 8010,8010,8010,0.0.0.0,0.0.0.0,127.0.0.1
2022-08-15 13:45:20.561 [ INFO] 10231 server_ws.cpp:50 Server: Event in connection 0xffffa8001c40. message: End of file
2022-08-15 13:45:20.561 [ INFO] 10231 server_ws.cpp:103 Server: Connect connection 0xffffa8000e80. path: ^/command/?.*$ query: get_status_interval_ms. From 127.0.0.1
2022-08-15 13:45:20.561 [ INFO] 10231 pcs.cpp:829 command get_status_interval_ms ret=0 result= 50
2022-08-15 13:45:20.561 [ INFO] 10231 server_ws.cpp:50 Server: Event in connection 0xffffa8000e80. message: End of file
2022-08-15 13:45:20.561 [ INFO] 10231 server_ws.cpp:103 Server: Connect connection 0xffffa8001c40. path: ^/command/?.*$ query: get_sn. From 127.0.0.1
2022-08-15 13:45:20.561 [ INFO] 10231 pcs.cpp:829 command get_sn ret=0 result= s_file_replay
2022-08-15 13:45:20.561 [ INFO] 10231 server_ws.cpp:50 Server: Event in connection 0xffffa8001c40. message: End of file
2022-08-15 13:45:20.561 [ INFO] 10231 server_ws.cpp:103 Server: Connect connection 0xffffa8000e80. path: ^/command/?.*$ query: get_frame_rate. From 127.0.0.1
2022-08-15 13:45:20.561 [ INFO] 10231 pcs.cpp:829 command get_frame_rate ret=0 result= 10.000000
2022-08-15 13:45:20.561 [ INFO] 10231 server_ws.cpp:50 Server: Event in connection 0xffffa8000e80. message: End of file
2022-08-15 13:45:20.562 [ INFO] 10231 server_ws.cpp:103 Server: Connect connection 0xffffa8001c40. path: ^/start/?.*$ query: . From 127.0.0.1
2022-08-15 13:45:20.562 [ INFO] 10231 pc_server_ws_processor.cpp:265 add streaming connection
2022-08-15 13:45:20.591 [ INFO] 10231 server_ws.cpp:50 Server: Event in connection 0xffffa8001c40. message: Connection reset by peer
2022-08-15 13:45:20.708 [ INFO] 10242 stage_signal_reference.cpp:200 ref channel: 0, roi_type: 1, locked (8705/0) half_w=(32/32) center=692, bound limited: 0/0
2022-08-15 13:45:20.780 [ INFO] 10242 lidar_clock.cpp:302 sync_type switch -- from 14-PTP_LOST to 7-PTP_LOCKED
2022-08-15 13:45:20.780 [ INFO] 10242 lidar_clock.cpp:179 update time=31, config=1-PTP state=7-PTP_LOCKED, fpga_clock=835307327267 ts=2021-11-06 04:29:36 utc=1636172976 bootup_utc=1636166293.541382, bootup_utc offset >100ms(0) >10ms(0) >1ms(3) >100us(19), ppm >1000(2) >500(0) >100(19) >40(1).
2022-08-15 13:45:20.781 [ INFO] 10242 lidar_clock.cpp:271 sync_type switch -- from 7-PTP_LOCKED to 14-PTP_LOST
2022-08-15 13:45:20.781 [ INFO] 10242 lidar_clock.cpp:179 update time=31, config=1-PTP state=14-PTP_LOST, fpga_clock=835307327267 ts=2021-11-06 04:29:36 utc=1636172976 bootup_utc=1636166293.541382, bootup_utc offset >100ms(0) >10ms(0) >1ms(3) >100us(19), ppm >1000(2) >500(0) >100(19) >40(1).
2022-08-15 13:45:21.780 [ INFO] 10242 lidar_clock.cpp:302 sync_type switch -- from 14-PTP_LOST to 7-PTP_LOCKED
2022-08-15 13:45:21.780 [ INFO] 10242 lidar_clock.cpp:179 update time=32, config=1-PTP state=7-PTP_LOCKED, fpga_clock=835432343048 ts=2021-11-06 04:29:37 utc=1636172977 bootup_utc=1636166293.541256, bootup_utc offset >100ms(0) >10ms(0) >1ms(3) >100us(20), ppm >1000(2) >500(0) >100(20) >40(1).
2022-08-15 13:45:21.780 [ INFO] 10242 lidar_clock.cpp:271 sync_type switch -- from 7-PTP_LOCKED to 14-PTP_LOST
2022-08-15 13:45:21.780 [ INFO] 10242 lidar_clock.cpp:179 update time=32, config=1-PTP state=14-PTP_LOST, fpga_clock=835432343048 ts=2021-11-06 04:29:37 utc=1636172977 bootup_utc=1636166293.541256, bootup_utc offset >100ms(0) >10ms(0) >1ms(3) >100us(20), ppm >1000(2) >500(0) >100(20) >40(1).
2022-08-15 13:45:22.657 [ INFO] 10242 stage_signal_reference.cpp:200 ref channel: 0, roi_type: 1, locked (9217/0) half_w=(32/32) center=692, bound limited: 0/0
2022-08-15 13:45:22.780 [ INFO] 10242 lidar_clock.cpp:302 sync_type switch -- from 14-PTP_LOST to 7-PTP_LOCKED
2022-08-15 13:45:22.780 [ INFO] 10242 lidar_clock.cpp:179 update time=33, config=1-PTP state=7-PTP_LOCKED, fpga_clock=835557342891 ts=2021-11-06 04:29:38 utc=1636172978 bootup_utc=1636166293.541257, bootup_utc offset >100ms(0) >10ms(0) >1ms(3) >100us(20), ppm >1000(2) >500(0) >100(20) >40(1).
2022-08-15 13:45:22.780 [ INFO] 10242 lidar_clock.cpp:271 sync_type switch -- from 7-PTP_LOCKED to 14-PTP_LOST
2022-08-15 13:45:22.780 [ INFO] 10242 lidar_clock.cpp:179 update time=33, config=1-PTP state=14-PTP_LOST, fpga_clock=835557342891 ts=2021-11-06 04:29:38 utc=1636172978 bootup_utc=1636166293.541257, bootup_utc offset >100ms(0) >10ms(0) >1ms(3) >100us(20), ppm >1000(2) >500(0) >100(20) >40(1).
2022-08-15 13:45:22.822 [ INFO] 10242 stage_signal_reference.cpp:200 ref channel: 0, roi_type: 0, locked (3073/0) half_w=(32/32) center=694, bound limited: 0/0
2022-08-15 13:45:23.307 [ INFO] 10235 status_report.cpp:345 counters: point_data_packet_sent=42210 point_sent=7886203 message_packet_sent=351 raw_data_read=648871934 total_frame=353 total_polygon_rotation=14061 total_polygon_facet=14060 power_up_time_in_second=678 process_up_time_in_second=36 lose_ptp_sync=0 bad_data[4]=0/0/0/0 data_drop[8]=0/0/0/0/0/0/0/0 signals[8]=34/16221758/0/9209869/0/10090008/529352/9195460 latency_10us_average[6]=0/262/8/1015/1017/7 latency_10us_variation[6]=0/0/33/22/14/16 latency_10us_max[6]=0/1670/384/3051/2812/890 big_latency_frame=0 bad_frame=0 big_gap_frame=0 small_gap_frame=0 cpu_percentage=100 mem_percentage=0 netstat_rx speed/drop/err=0kBps/0/0 netstat_tx speed/drop/err=0kBps/0/0 sys_cpu_percentage=18/14/15/13 motor[5]=35646/1720/49736/7472/9696 galvo[5]=33167/24776/19216/57104/59067 in_faults=0x2000000000 ;sensor_readings: t_fpga=0 t_laser=0 t_adc=0 t_board=0 t_det=0/0/0/0 t_other=0/0/0 heater_ma=0 m_rpm=0 g_fpm=0 m_total=0 g_total=0 moisture=0/0 window_blockage=0/0 motor=0/0/0/0/0/0 galvo=0/0/0/0/0/0 laser=0/0/0/0/0/0 galvo_client=0x0/0 
2022-08-15 13:45:23.780 [ INFO] 10242 lidar_clock.cpp:302 sync_type switch -- from 14-PTP_LOST to 7-PTP_LOCKED
2022-08-15 13:45:23.780 [ INFO] 10242 lidar_clock.cpp:179 update time=34, config=1-PTP state=7-PTP_LOCKED, fpga_clock=835682339987 ts=2021-11-06 04:29:39 utc=1636172979 bootup_utc=1636166293.541280, bootup_utc offset >100ms(0) >10ms(0) >1ms(3) >100us(20), ppm >1000(2) >500(0) >100(20) >40(1).
2022-08-15 13:45:23.782 [ INFO] 10242 lidar_clock.cpp:271 sync_type switch -- from 7-PTP_LOCKED to 14-PTP_LOST
2022-08-15 13:45:23.782 [ INFO] 10242 lidar_clock.cpp:179 update time=34, config=1-PTP state=14-PTP_LOST, fpga_clock=835682339987 ts=2021-11-06 04:29:39 utc=1636172979 bootup_utc=1636166293.541280, bootup_utc offset >100ms(0) >10ms(0) >1ms(3) >100us(20), ppm >1000(2) >500(0) >100(20) >40(1).
2022-08-15 13:45:24.562 [ INFO] 10242 stage_signal_reference.cpp:200 ref channel: 0, roi_type: 1, locked (9729/0) half_w=(32/32) center=691, bound limited: 0/0
2022-08-15 13:45:24.778 [ INFO] 10242 lidar_clock.cpp:302 sync_type switch -- from 14-PTP_LOST to 7-PTP_LOCKED
2022-08-15 13:45:24.778 [ INFO] 10242 lidar_clock.cpp:179 update time=35, config=1-PTP state=7-PTP_LOCKED, fpga_clock=835807364852 ts=2021-11-06 04:29:40 utc=1636172980 bootup_utc=1636166293.541081, bootup_utc offset >100ms(0) >10ms(0) >1ms(3) >100us(21), ppm >1000(2) >500(0) >100(21) >40(1).
2022-08-15 13:45:24.778 [ INFO] 10242 lidar_clock.cpp:271 sync_type switch -- from 7-PTP_LOCKED to 14-PTP_LOST
2022-08-15 13:45:24.778 [ INFO] 10242 lidar_clock.cpp:179 update time=35, config=1-PTP state=14-PTP_LOST, fpga_clock=835807364852 ts=2021-11-06 04:29:40 utc=1636172980 bootup_utc=1636166293.541081, bootup_utc offset >100ms(0) >10ms(0) >1ms(3) >100us(21), ppm >1000(2) >500(0) >100(21) >40(1).
2022-08-15 13:45:25.780 [ INFO] 10242 lidar_clock.cpp:302 sync_type switch -- from 14-PTP_LOST to 7-PTP_LOCKED
2022-08-15 13:45:25.780 [ INFO] 10242 lidar_clock.cpp:179 update time=36, config=1-PTP state=7-PTP_LOCKED, fpga_clock=835932367190 ts=2021-11-06 04:29:41 utc=1636172981 bootup_utc=1636166293.541063, bootup_utc offset >100ms(0) >10ms(0) >1ms(3) >100us(21), ppm >1000(2) >500(0) >100(21) >40(1).
2022-08-15 13:45:25.780 [ INFO] 10242 lidar_clock.cpp:271 sync_type switch -- from 7-PTP_LOCKED to 14-PTP_LOST
2022-08-15 13:45:25.780 [ INFO] 10242 lidar_clock.cpp:179 update time=36, config=1-PTP state=14-PTP_LOST, fpga_clock=835932367190 ts=2021-11-06 04:29:41 utc=1636172981 bootup_utc=1636166293.541063, bootup_utc offset >100ms(0) >10ms(0) >1ms(3) >100us(21), ppm >1000(2) >500(0) >100(21) >40(1).
2022-08-15 13:45:26.477 [ INFO] 10242 stage_signal_reference.cpp:200 ref channel: 0, roi_type: 1, locked (10241/0) half_w=(32/32) center=692, bound limited: 0/0
2022-08-15 13:45:26.534 [ INFO] 10242 stage_signal.cpp:2412 reference stats: total frames: 384, sample interval: 128/128/128/128, stats_total_ref_check_count=9/9/9/9, stats_ref_fit_count=9/9/9/9, stats_ref_unfit_count=0/0/0/0, stats_q_size=9/9/9/9/, mean=688.67/675.00/655.00/665.00, std_deviation=0.47/0.00/0.00/0.00, ref_tracking=(693/691/691), (678/681/681), (658/658/658) (670/670/670), search window=[(32/32)(32/32)], [(32/32)(32/32)], [(32/32)(32/32)], [(32/32)(32/32)], Ref_finder: channel: 0 sample interval: 128 {trigger count: 294607, sample count: 4713706, collect: [count, avg_time]:{ [276001, 670] [3508470, 686] [4713416, 689] [4713701, 689] }; pick: {1st: 689, 2nd: 689, 686, 670, }} channel: 1 sample interval: 128 {trigger count: 294607, sample count: 294607, collect: [count, avg_time]:{ [293319, 675] [294607, 675] }; pick: {1st: 675, 2nd: 675, }} channel: 2 sample interval: 128 {trigger count: 294607, sample count: 294607, collect: [count, avg_time]:{ [292504, 655] [294604, 655] }; pick: {1st: 655, 2nd: 655, }} channel: 3 sample interval: 128 {trigger count: 294607, sample count: 294607, collect: [count, avg_time]:{ [203892, 662] [294230, 665] [294603, 665] }; pick: {1st: 665, 2nd: 665, 662, }} 
2022-08-15 13:45:26.778 [ INFO] 10242 lidar_clock.cpp:302 sync_type switch -- from 14-PTP_LOST to 7-PTP_LOCKED
2022-08-15 13:45:26.778 [ INFO] 10242 lidar_clock.cpp:179 update time=37, config=1-PTP state=7-PTP_LOCKED, fpga_clock=836057334360 ts=2021-11-06 04:29:42 utc=1636172982 bootup_utc=1636166293.541325, bootup_utc offset >100ms(0) >10ms(0) >1ms(3) >100us(22), ppm >1000(2) >500(0) >100(22) >40(1).
2022-08-15 13:45:26.778 [ INFO] 10242 lidar_clock.cpp:271 sync_type switch -- from 7-PTP_LOCKED to 14-PTP_LOST
2022-08-15 13:45:26.778 [ INFO] 10242 lidar_clock.cpp:179 update time=37, config=1-PTP state=14-PTP_LOST, fpga_clock=836057334360 ts=2021-11-06 04:29:42 utc=1636172982 bootup_utc=1636166293.541325, bootup_utc offset >100ms(0) >10ms(0) >1ms(3) >100us(22), ppm >1000(2) >500(0) >100(22) >40(1).
2022-08-15 13:45:27.780 [ INFO] 10242 lidar_clock.cpp:302 sync_type switch -- from 14-PTP_LOST to 7-PTP_LOCKED
2022-08-15 13:45:27.780 [ INFO] 10242 lidar_clock.cpp:179 update time=38, config=1-PTP state=7-PTP_LOCKED, fpga_clock=836182326926 ts=2021-11-06 04:29:43 utc=1636172983 bootup_utc=1636166293.541385, bootup_utc offset >100ms(0) >10ms(0) >1ms(3) >100us(22), ppm >1000(2) >500(0) >100(22) >40(2).
2022-08-15 13:45:27.781 [ INFO] 10242 lidar_clock.cpp:271 sync_type switch -- from 7-PTP_LOCKED to 14-PTP_LOST
2022-08-15 13:45:27.781 [ INFO] 10242 lidar_clock.cpp:179 update time=38, config=1-PTP state=14-PTP_LOST, fpga_clock=836182326926 ts=2021-11-06 04:29:43 utc=1636172983 bootup_utc=1636166293.541385, bootup_utc offset >100ms(0) >10ms(0) >1ms(3) >100us(22), ppm >1000(2) >500(0) >100(22) >40(2).
2022-08-15 13:45:28.378 [ INFO] 10235 status_report.cpp:345 counters: point_data_packet_sent=48321 point_sent=9027618 message_packet_sent=402 raw_data_read=742326270 total_frame=404 total_polygon_rotation=16089 total_polygon_facet=16089 power_up_time_in_second=683 process_up_time_in_second=41 lose_ptp_sync=0 bad_data[4]=0/0/0/0 data_drop[8]=0/0/0/0/0/0/0/0 signals[8]=39/18559598/0/10537980/0/11540712/605687/10520739 latency_10us_average[6]=0/262/9/1016/1018/7 latency_10us_variation[6]=0/0/35/23/18/19 latency_10us_max[6]=0/1670/384/3051/2812/890 big_latency_frame=0 bad_frame=0 big_gap_frame=0 small_gap_frame=0 cpu_percentage=100 mem_percentage=0 netstat_rx speed/drop/err=0kBps/0/0 netstat_tx speed/drop/err=0kBps/0/0 sys_cpu_percentage=10/13/10/12 motor[5]=35653/1720/49736/7472/9701 galvo[5]=50756/19432/34416/26448/27079 in_faults=0x2000000000 ;sensor_readings: t_fpga=0 t_laser=0 t_adc=0 t_board=0 t_det=0/0/0/0 t_other=0/0/0 heater_ma=0 m_rpm=0 g_fpm=0 m_total=0 g_total=0 moisture=0/0 window_blockage=0/0 motor=0/0/0/0/0/0 galvo=0/0/0/0/0/0 laser=0/0/0/0/0/0 galvo_client=0x0/0 
2022-08-15 13:45:28.387 [ INFO] 10242 stage_signal_reference.cpp:200 ref channel: 0, roi_type: 1, locked (10753/0) half_w=(32/32) center=692, bound limited: 0/0
2022-08-15 13:45:28.580 [ INFO] 10242 stage_signal_reference.cpp:200 ref channel: 0, roi_type: 0, locked (3585/0) half_w=(32/32) center=693, bound limited: 0/0
2022-08-15 13:45:28.784 [ INFO] 10242 lidar_clock.cpp:302 sync_type switch -- from 14-PTP_LOST to 7-PTP_LOCKED
2022-08-15 13:45:28.784 [ INFO] 10242 lidar_clock.cpp:179 update time=39, config=1-PTP state=7-PTP_LOCKED, fpga_clock=836307345994 ts=2021-11-06 04:29:44 utc=1636172984 bootup_utc=1636166293.541232, bootup_utc offset >100ms(0) >10ms(0) >1ms(3) >100us(23), ppm >1000(2) >500(0) >100(23) >40(2).
2022-08-15 13:45:28.785 [ INFO] 10242 lidar_clock.cpp:271 sync_type switch -- from 7-PTP_LOCKED to 14-PTP_LOST
2022-08-15 13:45:28.785 [ INFO] 10242 lidar_clock.cpp:179 update time=39, config=1-PTP state=14-PTP_LOST, fpga_clock=836307345994 ts=2021-11-06 04:29:44 utc=1636172984 bootup_utc=1636166293.541232, bootup_utc offset >100ms(0) >10ms(0) >1ms(3) >100us(23), ppm >1000(2) >500(0) >100(23) >40(2).
2022-08-15 13:45:29.778 [ INFO] 10242 lidar_clock.cpp:302 sync_type switch -- from 14-PTP_LOST to 7-PTP_LOCKED
2022-08-15 13:45:29.778 [ INFO] 10242 lidar_clock.cpp:179 update time=40, config=1-PTP state=7-PTP_LOCKED, fpga_clock=836432333089 ts=2021-11-06 04:29:45 utc=1636172985 bootup_utc=1636166293.541335, bootup_utc offset >100ms(0) >10ms(0) >1ms(3) >100us(24), ppm >1000(2) >500(0) >100(24) >40(2).
2022-08-15 13:45:29.779 [ INFO] 10242 lidar_clock.cpp:271 sync_type switch -- from 7-PTP_LOCKED to 14-PTP_LOST
2022-08-15 13:45:29.779 [ INFO] 10242 lidar_clock.cpp:179 update time=40, config=1-PTP state=14-PTP_LOST, fpga_clock=836432333089 ts=2021-11-06 04:29:45 utc=1636172985 bootup_utc=1636166293.541335, bootup_utc offset >100ms(0) >10ms(0) >1ms(3) >100us(24), ppm >1000(2) >500(0) >100(24) >40(2).
2022-08-15 13:45:30.298 [ INFO] 10242 stage_signal_reference.cpp:200 ref channel: 0, roi_type: 1, locked (11265/0) half_w=(32/32) center=691, bound limited: 0/0
2022-08-15 13:45:30.780 [ INFO] 10242 lidar_clock.cpp:302 sync_type switch -- from 14-PTP_LOST to 7-PTP_LOCKED
2022-08-15 13:45:30.780 [ INFO] 10242 lidar_clock.cpp:179 update time=41, config=1-PTP state=7-PTP_LOCKED, fpga_clock=836557319509 ts=2021-11-06 04:29:46 utc=1636172986 bootup_utc=1636166293.541444, bootup_utc offset >100ms(0) >10ms(0) >1ms(3) >100us(25), ppm >1000(2) >500(0) >100(25) >40(2).
2022-08-15 13:45:30.781 [ INFO] 10242 lidar_clock.cpp:271 sync_type switch -- from 7-PTP_LOCKED to 14-PTP_LOST
2022-08-15 13:45:30.781 [ INFO] 10242 lidar_clock.cpp:179 update time=41, config=1-PTP state=14-PTP_LOST, fpga_clock=836557319509 ts=2021-11-06 04:29:46 utc=1636172986 bootup_utc=1636166293.541444, bootup_utc offset >100ms(0) >10ms(0) >1ms(3) >100us(25), ppm >1000(2) >500(0) >100(25) >40(2).
2022-08-15 13:45:31.780 [ INFO] 10242 lidar_clock.cpp:302 sync_type switch -- from 14-PTP_LOST to 7-PTP_LOCKED
2022-08-15 13:45:31.781 [ INFO] 10242 lidar_clock.cpp:179 update time=42, config=1-PTP state=7-PTP_LOCKED, fpga_clock=836682318341 ts=2021-11-06 04:29:47 utc=1636172987 bootup_utc=1636166293.541453, bootup_utc offset >100ms(0) >10ms(0) >1ms(3) >100us(25), ppm >1000(2) >500(0) >100(25) >40(2).
2022-08-15 13:45:31.781 [ INFO] 10242 lidar_clock.cpp:271 sync_type switch -- from 7-PTP_LOCKED to 14-PTP_LOST
2022-08-15 13:45:31.781 [ INFO] 10242 lidar_clock.cpp:179 update time=42, config=1-PTP state=14-PTP_LOST, fpga_clock=836682318341 ts=2021-11-06 04:29:47 utc=1636172987 bootup_utc=1636166293.541453, bootup_utc offset >100ms(0) >10ms(0) >1ms(3) >100us(25), ppm >1000(2) >500(0) >100(25) >40(2).
2022-08-15 13:45:32.205 [ INFO] 10242 stage_signal_reference.cpp:200 ref channel: 0, roi_type: 1, locked (11777/0) half_w=(32/32) center=692, bound limited: 0/0
2022-08-15 13:45:32.779 [ INFO] 10242 lidar_clock.cpp:302 sync_type switch -- from 14-PTP_LOST to 7-PTP_LOCKED
2022-08-15 13:45:32.779 [ INFO] 10242 lidar_clock.cpp:179 update time=43, config=1-PTP state=7-PTP_LOCKED, fpga_clock=836807350808 ts=2021-11-06 04:29:48 utc=1636172988 bootup_utc=1636166293.541193, bootup_utc offset >100ms(0) >10ms(0) >1ms(3) >100us(26), ppm >1000(2) >500(0) >100(26) >40(2).
2022-08-15 13:45:32.779 [ INFO] 10242 lidar_clock.cpp:271 sync_type switch -- from 7-PTP_LOCKED to 14-PTP_LOST
2022-08-15 13:45:32.779 [ INFO] 10242 lidar_clock.cpp:179 update time=43, config=1-PTP state=14-PTP_LOST, fpga_clock=836807350808 ts=2021-11-06 04:29:48 utc=1636172988 bootup_utc=1636166293.541193, bootup_utc offset >100ms(0) >10ms(0) >1ms(3) >100us(26), ppm >1000(2) >500(0) >100(26) >40(2).
2022-08-15 13:45:33.452 [ INFO] 10235 status_report.cpp:345 counters: point_data_packet_sent=54432 point_sent=10169548 message_packet_sent=452 raw_data_read=835715070 total_frame=455 total_polygon_rotation=18118 total_polygon_facet=18118 power_up_time_in_second=689 process_up_time_in_second=47 lose_ptp_sync=0 bad_data[4]=0/0/0/0 data_drop[8]=0/0/0/0/0/0/0/0 signals[8]=44/20894574/0/11862161/0/12995984/682067/11844166 latency_10us_average[6]=0/261/9/1017/1019/7 latency_10us_variation[6]=0/0/36/23/19/20 latency_10us_max[6]=0/1670/384/3051/2812/890 big_latency_frame=0 bad_frame=0 big_gap_frame=0 small_gap_frame=0 cpu_percentage=19 mem_percentage=0 netstat_rx speed/drop/err=0kBps/0/0 netstat_tx speed/drop/err=0kBps/0/0 sys_cpu_percentage=14/14/13/15 motor[5]=35635/1720/49736/7472/9698 galvo[5]=58196/14088/49616/61328/23401 in_faults=0x2000000000 ;sensor_readings: t_fpga=0 t_laser=0 t_adc=0 t_board=0 t_det=0/0/0/0 t_other=0/0/0 heater_ma=0 m_rpm=0 g_fpm=0 m_total=0 g_total=0 moisture=0/0 window_blockage=0/0 motor=0/0/0/0/0/0 galvo=0/0/0/0/0/0 laser=0/0/0/0/0/0 galvo_client=0x0/0 
2022-08-15 13:45:33.607 [ INFO] 10243 stage_read.cpp:706 pcsf reach end of /apollo/data/sn361822100450_11_06_2021_04_29_29_F52_15_400.inno_raw
2022-08-15 13:45:33.607 [ INFO] 10243 stage_read.cpp:711 pcsf rewind file /apollo/data/sn361822100450_11_06_2021_04_29_29_F52_15_400.inno_raw 2/-1
2022-08-15 13:45:33.609 [ INFO] 10243 utils.cpp:363 open /apollo/data/sn361822100450_11_06_2021_04_29_29_F52_15_400.inno_raw
2022-08-15 13:45:34.122 [ INFO] 10242 stage_signal_reference.cpp:200 ref channel: 0, roi_type: 1, locked (12289/0) half_w=(32/32) center=693, bound limited: 0/0
2022-08-15 13:45:34.297 [ INFO] 10237 stage_deliver.cpp:66 StageDeliver: dropped=0 delivered=18448 mean/dev/max signal(wait=0.0/0.0/0.0 run=2.6/1.9/16.7) angle(wait=0.1/0.4/19.0 run=0.1/0.1/3.8) n0(wait=0.1/0.2/12.6 run=10.2/2.1/30.5) n1(wait=0.1/0.2/6.9 run=10.2/2.2/28.1) deliver(wait=0.1/0.2/8.8 run=0.1/0.1/8.9) sum=23.5/2.3/46.2ms callback=0.00/0.00/0.30/55445 frames=460 lost-frames=0 points=39485548 missalignment=0.00/0.00/0.00/0
2022-08-15 13:45:34.370 [ INFO] 10242 stage_signal_reference.cpp:200 ref channel: 0, roi_type: 0, locked (4097/0) half_w=(32/32) center=693, bound limited: 0/0
2022-08-15 13:45:34.516 [ INFO] 10242 lidar_clock.cpp:302 sync_type switch -- from 14-PTP_LOST to 7-PTP_LOCKED
2022-08-15 13:45:34.517 [ INFO] 10242 lidar_clock.cpp:179 update time=44, config=1-PTP state=7-PTP_LOCKED, fpga_clock=834182587412 ts=2021-11-06 04:29:27 utc=1636172967 bootup_utc=1636166293.539301, bootup_utc offset >100ms(0) >10ms(0) >1ms(4) >100us(26), ppm >1000(2) >500(0) >100(26) >40(2).
2022-08-15 13:45:34.518 [ INFO] 10242 lidar_clock.cpp:271 sync_type switch -- from 7-PTP_LOCKED to 14-PTP_LOST
2022-08-15 13:45:34.518 [ INFO] 10242 lidar_clock.cpp:179 update time=44, config=1-PTP state=14-PTP_LOST, fpga_clock=834182587412 ts=2021-11-06 04:29:27 utc=1636172967 bootup_utc=1636166293.539301, bootup_utc offset >100ms(0) >10ms(0) >1ms(4) >100us(26), ppm >1000(2) >500(0) >100(26) >40(2).
2022-08-15 13:45:35.519 [ INFO] 10242 lidar_clock.cpp:302 sync_type switch -- from 14-PTP_LOST to 7-PTP_LOCKED
2022-08-15 13:45:35.519 [ INFO] 10242 lidar_clock.cpp:179 update time=45, config=1-PTP state=7-PTP_LOCKED, fpga_clock=834307314633 ts=2021-11-06 04:29:28 utc=1636172968 bootup_utc=1636166293.541483, bootup_utc offset >100ms(0) >10ms(0) >1ms(5) >100us(26), ppm >1000(3) >500(0) >100(26) >40(2).
2022-08-15 13:45:35.519 [ INFO] 10242 lidar_clock.cpp:271 sync_type switch -- from 7-PTP_LOCKED to 14-PTP_LOST
2022-08-15 13:45:35.519 [ INFO] 10242 lidar_clock.cpp:179 update time=45, config=1-PTP state=14-PTP_LOST, fpga_clock=834307314633 ts=2021-11-06 04:29:28 utc=1636172968 bootup_utc=1636166293.541483, bootup_utc offset >100ms(0) >10ms(0) >1ms(5) >100us(26), ppm >1000(3) >500(0) >100(26) >40(2).
2022-08-15 13:45:36.035 [ INFO] 10242 stage_signal_reference.cpp:200 ref channel: 0, roi_type: 1, locked (12801/0) half_w=(32/32) center=690, bound limited: 0/0
2022-08-15 13:45:36.519 [ INFO] 10242 lidar_clock.cpp:302 sync_type switch -- from 14-PTP_LOST to 7-PTP_LOCKED
2022-08-15 13:45:36.519 [ INFO] 10242 lidar_clock.cpp:179 update time=46, config=1-PTP state=7-PTP_LOCKED, fpga_clock=834432341585 ts=2021-11-06 04:29:29 utc=1636172969 bootup_utc=1636166293.541267, bootup_utc offset >100ms(0) >10ms(0) >1ms(5) >100us(27), ppm >1000(3) >500(0) >100(27) >40(2).
2022-08-15 13:45:36.519 [ INFO] 10242 lidar_clock.cpp:271 sync_type switch -- from 7-PTP_LOCKED to 14-PTP_LOST
2022-08-15 13:45:36.519 [ INFO] 10242 lidar_clock.cpp:179 update time=46, config=1-PTP state=14-PTP_LOST, fpga_clock=834432341585 ts=2021-11-06 04:29:29 utc=1636172969 bootup_utc=1636166293.541267, bootup_utc offset >100ms(0) >10ms(0) >1ms(5) >100us(27), ppm >1000(3) >500(0) >100(27) >40(2).
2022-08-15 13:45:37.517 [ INFO] 10242 lidar_clock.cpp:302 sync_type switch -- from 14-PTP_LOST to 7-PTP_LOCKED
2022-08-15 13:45:37.517 [ INFO] 10242 lidar_clock.cpp:179 update time=47, config=1-PTP state=7-PTP_LOCKED, fpga_clock=834557345130 ts=2021-11-06 04:29:30 utc=1636172970 bootup_utc=1636166293.541239, bootup_utc offset >100ms(0) >10ms(0) >1ms(5) >100us(27), ppm >1000(3) >500(0) >100(27) >40(2).
2022-08-15 13:45:37.518 [ INFO] 10242 lidar_clock.cpp:271 sync_type switch -- from 7-PTP_LOCKED to 14-PTP_LOST
2022-08-15 13:45:37.518 [ INFO] 10242 lidar_clock.cpp:179 update time=47, config=1-PTP state=14-PTP_LOST, fpga_clock=834557345130 ts=2021-11-06 04:29:30 utc=1636172970 bootup_utc=1636166293.541239, bootup_utc offset >100ms(0) >10ms(0) >1ms(5) >100us(27), ppm >1000(3) >500(0) >100(27) >40(2).
2022-08-15 13:45:37.942 [ INFO] 10242 stage_signal_reference.cpp:200 ref channel: 0, roi_type: 1, locked (13313/0) half_w=(32/32) center=692, bound limited: 0/0
